[2025-06-19 10:51:44] [INFO    ] discord - <module>:72: This is an info message.
[2025-06-19 10:51:44] [WARNING ] discord - <module>:73: This is a warning message.
[2025-06-19 10:51:44] [ERROR   ] discord - <module>:74: This is an error message.
[2025-06-19 10:51:44] [CRITICAL] discord - <module>:75: This is a critical message.
[2025-06-19 10:51:44] [INFO    ] discord.client - login:643: logging in using static token
[2025-06-19 10:51:45] [INFO    ] discord.gateway - received_message:562: Shard ID None has connected to Gateway (Session ID: 00d4cd9c77b914e22182c7080bd51e70).
[2025-06-19 10:51:47] [CRITICAL] discord - on_ready:1618: Logged in as IC Mafia Bot (BETA)
[2025-06-19 11:36:46] [WARNING ] discord.gateway - run:155: Shard ID None has stopped responding to the gateway. Closing and restarting.
[2025-06-19 13:36:37] [INFO    ] discord.gateway - received_message:551: Shard ID None session has been invalidated.
[2025-06-19 13:36:43] [INFO    ] discord.gateway - received_message:562: Shard ID None has connected to Gateway (Session ID: d203886d6cc22d2d1db0a6582c78feaa).
[2025-06-19 13:36:46] [CRITICAL] discord - on_ready:1618: Logged in as IC Mafia Bot (BETA)
[2025-06-19 13:47:13] [WARNING ] discord.gateway - run:155: Shard ID None has stopped responding to the gateway. Closing and restarting.
[2025-06-19 16:07:44] [INFO    ] discord.gateway - received_message:551: Shard ID None session has been invalidated.
[2025-06-19 16:07:50] [INFO    ] discord.gateway - received_message:562: Shard ID None has connected to Gateway (Session ID: 6196c74c705feeac0d4cce4afe2bc592).
[2025-06-19 16:07:53] [CRITICAL] discord - on_ready:1618: Logged in as IC Mafia Bot (BETA)
[2025-06-19 17:19:59] [INFO    ] discord.gateway - received_message:567: Shard ID None has successfully RESUMED session 6196c74c705feeac0d4cce4afe2bc592.
[2025-06-19 19:23:14] [WARNING ] discord.gateway - run:187: Shard ID None heartbeat blocked for more than 10 seconds.
Loop thread traceback (most recent call last):
  File "/home/opc/IC-Mafia-Bot/bot.py", line 2456, in <module>
    bot.run(config.BOT_TOKEN, log_handler=logger.handlers[0], log_level=logging.DEBUG) # Use new handler
  File "/home/opc/IC-Mafia-Bot/.venv/lib/python3.13/site-packages/discord/client.py", line 906, in run
    asyncio.run(runner())
  File "/usr/local/lib/python3.13/asyncio/runners.py", line 194, in run
    return runner.run(main)
  File "/usr/local/lib/python3.13/asyncio/runners.py", line 118, in run
    return self._loop.run_until_complete(task)
  File "/usr/local/lib/python3.13/asyncio/base_events.py", line 707, in run_until_complete
    self.run_forever()
  File "/usr/local/lib/python3.13/asyncio/base_events.py", line 678, in run_forever
    self._run_once()
  File "/usr/local/lib/python3.13/asyncio/base_events.py", line 2033, in _run_once
    handle._run()
  File "/usr/local/lib/python3.13/selectors.py", line 463, in select
    return ready

[2025-06-19 19:23:15] [INFO    ] discord.gateway - received_message:551: Shard ID None session has been invalidated.
[2025-06-19 19:23:22] [INFO    ] discord.gateway - received_message:562: Shard ID None has connected to Gateway (Session ID: e109d9e69795416c31aa5d29ce8d7a5b).
[2025-06-19 19:23:25] [CRITICAL] discord - on_ready:1618: Logged in as IC Mafia Bot (BETA)
[2025-06-19 19:32:04] [WARNING ] discord.gateway - run:155: Shard ID None has stopped responding to the gateway. Closing and restarting.
[2025-06-19 20:10:07] [INFO    ] discord.gateway - received_message:551: Shard ID None session has been invalidated.
[2025-06-19 20:10:13] [INFO    ] discord.gateway - received_message:562: Shard ID None has connected to Gateway (Session ID: 6881ddc3665b7f907e932d0e947d505e).
[2025-06-19 20:10:15] [CRITICAL] discord - on_ready:1618: Logged in as IC Mafia Bot (BETA)
[2025-06-19 20:56:19] [INFO    ] discord - reset_game:697: DEBUG: reset_game() called
[2025-06-19 20:56:19] [INFO    ] discord - start_game:1645: DEBUG: Time signups end => 2025-06-20 09:30:00+00:00
[2025-06-19 20:56:19] [INFO    ] discord - start_game:1661: DEBUG: New game started with join hours 12.56
[2025-06-19 20:56:20] [INFO    ] discord - start_game:1680: DEBUG: Timestamp: 2025-06-19 20:56:20.915156+00:00 -  Game Started == True
[2025-06-19 20:57:00] [INFO    ] discord - update_player_discord_roles:285: INFO: Living = 1322336366796996789, dead = 1322336409926762586, spectator = 1322335985702277151
[2025-06-19 20:57:00] [ERROR   ] discord - update_player_discord_roles:291: ERROR: Could not find 'Living Players', 'Dead Players', or 'Spectator' role.
[2025-06-19 20:57:00] [INFO    ] discord - join_game:1730: DEBUG: Player joined: .you_fool (ID: 225405842235719680).
[2025-06-19 21:04:18] [INFO    ] discord - update_player_discord_roles:285: INFO: Living = 1322336366796996789, dead = 1322336409926762586, spectator = 1322335985702277151
[2025-06-19 21:04:18] [ERROR   ] discord - update_player_discord_roles:291: ERROR: Could not find 'Living Players', 'Dead Players', or 'Spectator' role.
[2025-06-19 21:04:18] [INFO    ] discord - join_game:1730: DEBUG: Player joined: lisamafia (ID: 746540828432007225).
[2025-06-19 21:45:47] [WARNING ] discord.gateway - run:155: Shard ID None has stopped responding to the gateway. Closing and restarting.
[2025-06-19 22:26:52] [INFO    ] discord.gateway - received_message:551: Shard ID None session has been invalidated.
[2025-06-19 22:26:58] [INFO    ] discord.gateway - received_message:562: Shard ID None has connected to Gateway (Session ID: 7b466d532503208bc0dac8e0ac88772f).
[2025-06-19 22:27:00] [CRITICAL] discord - on_ready:1618: Logged in as IC Mafia Bot (BETA)
[2025-06-19 22:35:10] [INFO    ] discord - update_player_discord_roles:285: INFO: Living = 1322336366796996789, dead = 1322336409926762586, spectator = 1322335985702277151
[2025-06-19 22:35:10] [ERROR   ] discord - update_player_discord_roles:291: ERROR: Could not find 'Living Players', 'Dead Players', or 'Spectator' role.
[2025-06-19 22:35:10] [INFO    ] discord - join_game:1730: DEBUG: Player joined: pandabbear (ID: 220142891027136512).
Unclosed connection
client_connection: Connection<ConnectionKey(host='gateway-us-east1-b.discord.gg', port=443, is_ssl=True, ssl=True, proxy=None, proxy_auth=None, proxy_headers_hash=None)>
[2025-06-19 23:00:41] [INFO    ] discord - update_player_discord_roles:285: INFO: Living = 1322336366796996789, dead = 1322336409926762586, spectator = 1322335985702277151
[2025-06-19 23:00:41] [ERROR   ] discord - update_player_discord_roles:291: ERROR: Could not find 'Living Players', 'Dead Players', or 'Spectator' role.
[2025-06-19 23:00:41] [INFO    ] discord - join_game:1730: DEBUG: Player joined: scriv88 (ID: 1039345137928646688).
[2025-06-20 00:19:41] [INFO    ] discord.gateway - received_message:567: Shard ID None has successfully RESUMED session 7b466d532503208bc0dac8e0ac88772f.
[2025-06-20 00:20:03] [INFO    ] discord - update_player_discord_roles:285: INFO: Living = 1322336366796996789, dead = 1322336409926762586, spectator = 1322335985702277151
[2025-06-20 00:20:03] [ERROR   ] discord - update_player_discord_roles:291: ERROR: Could not find 'Living Players', 'Dead Players', or 'Spectator' role.
[2025-06-20 00:20:03] [INFO    ] discord - join_game:1730: DEBUG: Player joined: squatchosaurusrex (ID: 377879725894533121).
[2025-06-20 00:31:06] [WARNING ] discord.gateway - run:155: Shard ID None has stopped responding to the gateway. Closing and restarting.
[2025-06-20 01:20:48] [INFO    ] discord.gateway - received_message:551: Shard ID None session has been invalidated.
[2025-06-20 01:20:55] [INFO    ] discord.gateway - received_message:562: Shard ID None has connected to Gateway (Session ID: 565738c54fa343cf19fd22d6d15473b2).
[2025-06-20 01:20:57] [CRITICAL] discord - on_ready:1618: Logged in as IC Mafia Bot (BETA)
[2025-06-20 01:30:57] [INFO    ] discord - <module>:72: This is an info message.
[2025-06-20 01:30:57] [WARNING ] discord - <module>:73: This is a warning message.
[2025-06-20 01:30:57] [ERROR   ] discord - <module>:74: This is an error message.
[2025-06-20 01:30:57] [CRITICAL] discord - <module>:75: This is a critical message.
[2025-06-20 01:30:57] [INFO    ] discord.client - login:643: logging in using static token
[2025-06-20 01:30:58] [INFO    ] discord.gateway - received_message:562: Shard ID None has connected to Gateway (Session ID: 8340bb6cab7ade8fd6d3fa005503948b).
[2025-06-20 01:31:01] [CRITICAL] discord - on_ready:1618: Logged in as IC Mafia Bot (BETA)
[2025-06-20 01:31:38] [INFO    ] discord - reset_game:697: DEBUG: reset_game() called
[2025-06-20 01:31:38] [INFO    ] discord - start_game:1645: DEBUG: Time signups end => 2025-06-20 09:30:00+00:00
[2025-06-20 01:31:38] [INFO    ] discord - start_game:1661: DEBUG: New game started with join hours 7.97
[2025-06-20 01:31:39] [INFO    ] discord - start_game:1680: DEBUG: Timestamp: 2025-06-20 01:31:39.337974+00:00 -  Game Started == True
[2025-06-20 01:31:44] [INFO    ] discord - update_player_discord_roles:285: INFO: Living = 1333019862754263053, dead = 1333019862754263052, spectator = 1333019862754263051
[2025-06-20 01:31:44] [INFO    ] discord - join_game:1730: DEBUG: Player joined: .you_fool (ID: 225405842235719680).
[2025-06-20 01:32:41] [INFO    ] discord - reinitialize_players:2211: Reinitialize players command called by .you_fool
[2025-06-20 01:32:41] [INFO    ] discord - reinitialize_players:2238: Current game phase for reinitialization: 'Signup'
[2025-06-20 01:32:41] [INFO    ] discord - reinitialize_players:2243: Reinitializing players during signup phase.
[2025-06-20 01:32:42] [INFO    ] discord - reinitialize_players:2304: Player dictionary reinitialized by .you_fool
[2025-06-20 01:32:42] [INFO    ] discord - reinitialize_players:2305: New Player dictionary: {220142891027136512: {'name': 'pandabbear', 'display_name': 'Panda', 'role': None, 'alive': True, 'votes': 0, 'action_target': None, 'previous_target': None, 'missed_votes': 0, 'death_info': {}}, 225405842235719680: {'name': '.you_fool', 'display_name': 'You_Fool', 'role': None, 'alive': True, 'votes': 0, 'action_target': None, 'previous_target': None, 'missed_votes': 0, 'death_info': {}}, 377879725894533121: {'name': 'squatchosaurusrex', 'display_name': 'Squatch', 'role': None, 'alive': True, 'votes': 0, 'action_target': None, 'previous_target': None, 'missed_votes': 0, 'death_info': {}}, 746540828432007225: {'name': 'lisamafia', 'display_name': 'LisaMVP', 'role': None, 'alive': True, 'votes': 0, 'action_target': None, 'previous_target': None, 'missed_votes': 0, 'death_info': {}}, 1039345137928646688: {'name': 'scriv88', 'display_name': 'sCriv', 'role': None, 'alive': True, 'votes': 0, 'action_target': None, 'previous_target': None, 'missed_votes': 0, 'death_info': {}}}
[2025-06-20 01:32:59] [INFO    ] discord - generate_status_message:608: DEBUG: generate_status_message called
[2025-06-20 01:32:59] [INFO    ] discord - generate_status_message:609: The current phase is  - 0
[2025-06-20 01:32:59] [INFO    ] discord - get_time_left_string:568: format_time_remaining has been called with end time = 2025-06-20 09:30:00+00:00
[2025-06-20 01:32:59] [INFO    ] discord - get_time_left_string:585: Build return based on time left ==> 0, 7, 57, 0
[2025-06-20 01:32:59] [INFO    ] discord - generate_status_message:621: DEBUG: Status message generated during setup with 7 hours and 57 minutes
[2025-06-20 01:32:59] [INFO    ] discord - status:1798: /Status called and info sent to channel
[2025-06-20 01:35:47] [INFO    ] discord - <module>:72: This is an info message.
[2025-06-20 01:35:47] [WARNING ] discord - <module>:73: This is a warning message.
[2025-06-20 01:35:47] [ERROR   ] discord - <module>:74: This is an error message.
[2025-06-20 01:35:47] [CRITICAL] discord - <module>:75: This is a critical message.
[2025-06-20 01:35:47] [INFO    ] discord.client - login:643: logging in using static token
[2025-06-20 01:35:49] [INFO    ] discord.gateway - received_message:562: Shard ID None has connected to Gateway (Session ID: 2843f3cfccada070f1170a93d39e1ab7).
[2025-06-20 01:35:51] [CRITICAL] discord - on_ready:1618: Logged in as IC Mafia Bot (BETA)
[2025-06-20 01:35:57] [INFO    ] discord - reset_game:697: DEBUG: reset_game() called
[2025-06-20 01:35:57] [INFO    ] discord - start_game:1645: DEBUG: Time signups end => 2025-06-20 09:30:00+00:00
[2025-06-20 01:35:57] [INFO    ] discord - start_game:1661: DEBUG: New game started with join hours 7.9
[2025-06-20 01:35:58] [INFO    ] discord - start_game:1680: DEBUG: Timestamp: 2025-06-20 01:35:58.938063+00:00 -  Game Started == True
[2025-06-20 01:36:03] [INFO    ] discord - update_player_discord_roles:285: INFO: Living = 1333019862754263053, dead = 1333019862754263052, spectator = 1333019862754263051
[2025-06-20 01:36:07] [INFO    ] discord - join_game:1730: DEBUG: Player joined: .you_fool (ID: 225405842235719680).
[2025-06-20 01:36:31] [INFO    ] discord - reinitialize_players:2211: Reinitialize players command called by .you_fool
[2025-06-20 01:36:31] [INFO    ] discord - reinitialize_players:2238: Current game phase for reinitialization: 'Signup'
[2025-06-20 01:36:31] [INFO    ] discord - reinitialize_players:2243: Reinitializing players during signup phase.
[2025-06-20 01:36:31] [INFO    ] discord - reinitialize_players:2304: Player dictionary reinitialized by .you_fool
[2025-06-20 01:36:31] [INFO    ] discord - reinitialize_players:2305: New Player dictionary: {220142891027136512: {'name': 'pandabbear', 'display_name': 'Panda', 'role': None, 'alive': True, 'votes': 0, 'action_target': None, 'previous_target': None, 'missed_votes': 0, 'death_info': {}}, 225405842235719680: {'name': '.you_fool', 'display_name': 'You_Fool', 'role': None, 'alive': True, 'votes': 0, 'action_target': None, 'previous_target': None, 'missed_votes': 0, 'death_info': {}}, 377879725894533121: {'name': 'squatchosaurusrex', 'display_name': 'Squatch', 'role': None, 'alive': True, 'votes': 0, 'action_target': None, 'previous_target': None, 'missed_votes': 0, 'death_info': {}}, 746540828432007225: {'name': 'lisamafia', 'display_name': 'LisaMVP', 'role': None, 'alive': True, 'votes': 0, 'action_target': None, 'previous_target': None, 'missed_votes': 0, 'death_info': {}}, 1039345137928646688: {'name': 'scriv88', 'display_name': 'sCriv', 'role': None, 'alive': True, 'votes': 0, 'action_target': None, 'previous_target': None, 'missed_votes': 0, 'death_info': {}}}
[2025-06-20 01:37:23] [INFO    ] discord - generate_status_message:608: DEBUG: generate_status_message called
[2025-06-20 01:37:23] [INFO    ] discord - generate_status_message:609: The current phase is  - 0
[2025-06-20 01:37:23] [INFO    ] discord - get_time_left_string:568: format_time_remaining has been called with end time = 2025-06-20 09:30:00+00:00
[2025-06-20 01:37:23] [INFO    ] discord - get_time_left_string:585: Build return based on time left ==> 0, 7, 52, 36
[2025-06-20 01:37:23] [INFO    ] discord - generate_status_message:621: DEBUG: Status message generated during setup with 7 hours and 52 minutes
[2025-06-20 01:37:24] [INFO    ] discord - status:1798: /Status called and info sent to channel
  File "/home/opc/IC-Mafia-Bot/bot.py", line 810
    await channel.send(f"<@{voter_id}> voted for <@{lynch_target}> who now has {lynch_votes[lynch_target_id]["total_votes"]}")
                                                                                                              ^
SyntaxError: f-string: unmatched '['
  File "/home/opc/IC-Mafia-Bot/bot.py", line 810
    await channel.send(f"<@{voter_id}> voted for <@{lynch_target}> who now has {lynch_votes[lynch_target_id]["total_votes"]}")
                                                                                                              ^
SyntaxError: f-string: unmatched '['
  File "/home/opc/IC-Mafia-Bot/bot.py", line 810
    await channel.send(f"<@{voter_id}> voted for <@{lynch_target}> who now has {lynch_votes[lynch_target_id]["total_votes"]}")
                                                                                                              ^
SyntaxError: f-string: unmatched '['
[2025-06-20 02:21:31] [INFO    ] discord - <module>:72: This is an info message.
[2025-06-20 02:21:31] [WARNING ] discord - <module>:73: This is a warning message.
[2025-06-20 02:21:31] [ERROR   ] discord - <module>:74: This is an error message.
[2025-06-20 02:21:31] [CRITICAL] discord - <module>:75: This is a critical message.
[2025-06-20 02:21:31] [INFO    ] discord.client - login:643: logging in using static token
[2025-06-20 02:21:32] [INFO    ] discord.gateway - received_message:562: Shard ID None has connected to Gateway (Session ID: 88ce9a17af0d5fb70c8ecf599bd32632).
[2025-06-20 02:21:35] [CRITICAL] discord - on_ready:1618: Logged in as IC Mafia Bot (BETA)
[2025-06-20 02:21:39] [INFO    ] discord - reset_game:697: DEBUG: reset_game() called
[2025-06-20 02:21:39] [INFO    ] discord - start_game:1645: DEBUG: Time signups end => 2025-06-20 09:30:00+00:00
[2025-06-20 02:21:39] [INFO    ] discord - start_game:1661: DEBUG: New game started with join hours 7.14
[2025-06-20 02:21:40] [INFO    ] discord - start_game:1680: DEBUG: Timestamp: 2025-06-20 02:21:40.613469+00:00 -  Game Started == True
[2025-06-20 02:21:45] [INFO    ] discord - reinitialize_players:2211: Reinitialize players command called by .you_fool
[2025-06-20 02:21:45] [INFO    ] discord - reinitialize_players:2238: Current game phase for reinitialization: 'Signup'
[2025-06-20 02:21:45] [INFO    ] discord - reinitialize_players:2243: Reinitializing players during signup phase.
[2025-06-20 02:21:45] [INFO    ] discord - reinitialize_players:2304: Player dictionary reinitialized by .you_fool
[2025-06-20 02:21:45] [INFO    ] discord - reinitialize_players:2305: New Player dictionary: {220142891027136512: {'name': 'pandabbear', 'display_name': 'Panda', 'role': None, 'alive': True, 'votes': 0, 'action_target': None, 'previous_target': None, 'missed_votes': 0, 'death_info': {}}, 225405842235719680: {'name': '.you_fool', 'display_name': 'You_Fool', 'role': None, 'alive': True, 'votes': 0, 'action_target': None, 'previous_target': None, 'missed_votes': 0, 'death_info': {}}, 377879725894533121: {'name': 'squatchosaurusrex', 'display_name': 'Squatch', 'role': None, 'alive': True, 'votes': 0, 'action_target': None, 'previous_target': None, 'missed_votes': 0, 'death_info': {}}, 746540828432007225: {'name': 'lisamafia', 'display_name': 'LisaMVP', 'role': None, 'alive': True, 'votes': 0, 'action_target': None, 'previous_target': None, 'missed_votes': 0, 'death_info': {}}, 1039345137928646688: {'name': 'scriv88', 'display_name': 'sCriv', 'role': None, 'alive': True, 'votes': 0, 'action_target': None, 'previous_target': None, 'missed_votes': 0, 'death_info': {}}, 1057856572899999744: {'name': 'thebigone05', 'display_name': 'TheBigOne', 'role': None, 'alive': True, 'votes': 0, 'action_target': None, 'previous_target': None, 'missed_votes': 0, 'death_info': {}}}
[2025-06-20 02:22:02] [INFO    ] discord - generate_status_message:608: DEBUG: generate_status_message called
[2025-06-20 02:22:02] [INFO    ] discord - generate_status_message:609: The current phase is  - 0
[2025-06-20 02:22:02] [INFO    ] discord - get_time_left_string:568: format_time_remaining has been called with end time = 2025-06-20 09:30:00+00:00
[2025-06-20 02:22:02] [INFO    ] discord - get_time_left_string:585: Build return based on time left ==> 0, 7, 7, 57
[2025-06-20 02:22:02] [INFO    ] discord - generate_status_message:621: DEBUG: Status message generated during setup with 7 hours and 7 minutes
[2025-06-20 02:22:03] [INFO    ] discord - status:1798: /Status called and info sent to channel
[2025-06-20 02:23:15] [ERROR   ] discord.ext.commands.bot - on_command_error:355: Ignoring exception in command None
discord.ext.commands.errors.CommandNotFound: Command "join" is not found
[2025-06-20 02:23:22] [ERROR   ] discord.ext.commands.bot - on_command_error:355: Ignoring exception in command None
discord.ext.commands.errors.CommandNotFound: Command "join" is not found
[2025-06-20 04:24:17] [INFO    ] discord.gateway - received_message:567: Shard ID None has successfully RESUMED session 88ce9a17af0d5fb70c8ecf599bd32632.
[2025-06-20 04:40:03] [INFO    ] discord.gateway - received_message:567: Shard ID None has successfully RESUMED session 88ce9a17af0d5fb70c8ecf599bd32632.
[2025-06-20 05:07:54] [INFO    ] discord.gateway - received_message:567: Shard ID None has successfully RESUMED session 88ce9a17af0d5fb70c8ecf599bd32632.
[2025-06-20 05:58:56] [INFO    ] discord.gateway - received_message:567: Shard ID None has successfully RESUMED session 88ce9a17af0d5fb70c8ecf599bd32632.
[2025-06-20 06:20:27] [INFO    ] discord - update_player_discord_roles:285: INFO: Living = 1333019862754263053, dead = 1333019862754263052, spectator = 1333019862754263051
[2025-06-20 06:20:31] [INFO    ] discord - join_game:1730: DEBUG: Player joined: schniepel (ID: 331831967723159566).
[2025-06-20 06:20:40] [ERROR   ] discord.ext.commands.bot - on_command_error:355: Ignoring exception in command None
discord.ext.commands.errors.CommandNotFound: Command "ordosistoogaytolive" is not found
[2025-06-20 06:44:48] [INFO    ] discord.gateway - received_message:567: Shard ID None has successfully RESUMED session 88ce9a17af0d5fb70c8ecf599bd32632.
[2025-06-20 07:23:21] [INFO    ] discord.gateway - received_message:567: Shard ID None has successfully RESUMED session 88ce9a17af0d5fb70c8ecf599bd32632.
[2025-06-20 07:43:11] [INFO    ] discord - update_player_discord_roles:285: INFO: Living = 1333019862754263053, dead = 1333019862754263052, spectator = 1333019862754263051
[2025-06-20 07:43:11] [INFO    ] discord - join_game:1730: DEBUG: Player joined: mrblonde3442 (ID: 479362336264683520).
[2025-06-20 08:15:30] [ERROR   ] discord - join_game:1706: Player 1039345137928646688 have already joined the game!
[2025-06-20 08:42:32] [INFO    ] discord.gateway - received_message:567: Shard ID None has successfully RESUMED session 88ce9a17af0d5fb70c8ecf599bd32632.
[2025-06-20 09:30:00] [INFO    ] discord - start_game:1683: DEBUG: Timestamp: 2025-06-20 09:30:00.004621+00:00 - game started = True so prepare game start
[2025-06-20 09:30:00] [INFO    ] discord - prepare_game_start:716: prepare_game_start called
[2025-06-20 09:30:00] [INFO    ] discord - prepare_game_start:718: Game ID generated = 20250620-093000
[2025-06-20 09:30:00] [INFO    ] discord - prepare_game_start:743: DEBUG: Game created with game_id = 20250620-093000
[2025-06-20 09:30:00] [INFO    ] discord - save_json_data:185: DEBUG: Data saved to stats/alpha_testing/20250620-093000/game_20250620-093000.json
[2025-06-20 09:30:00] [INFO    ] discord - prepare_game_start:748: DEBUG: Stat files created... assigning 11 roles...
[2025-06-20 09:30:00] [INFO    ] discord - generate_game_roles:555: Game Roles Created
[2025-06-20 09:30:02] [ERROR   ] discord - test_randomness:496: Test script failed with exit code 1:

[2025-06-20 09:30:32] [INFO    ] discord - send_role_dm:400: DEBUG: Player ID = 225405842235719680 Ready to send role
[2025-06-20 09:30:43] [INFO    ] discord - send_role_dm:400: DEBUG: Player ID = 1057856572899999744 Ready to send role
[2025-06-20 09:30:54] [INFO    ] discord - send_role_dm:400: DEBUG: Player ID = 220142891027136512 Ready to send role
[2025-06-20 09:31:05] [INFO    ] discord - send_role_dm:400: DEBUG: Player ID = 377879725894533121 Ready to send role
[2025-06-20 09:31:16] [INFO    ] discord - send_role_dm:400: DEBUG: Player ID = 746540828432007225 Ready to send role
[2025-06-20 09:31:27] [INFO    ] discord - send_role_dm:400: DEBUG: Player ID = 479362336264683520 Ready to send role
[2025-06-20 09:31:38] [INFO    ] discord - send_role_dm:400: DEBUG: Player ID = 1039345137928646688 Ready to send role
[2025-06-20 09:31:41] [ERROR   ] discord - investigate_command:2001: Player 220142891027136512 tried to use /investigate during the  phase.
[2025-06-20 09:31:50] [INFO    ] discord - send_role_dm:400: DEBUG: Player ID = 331831967723159566 Ready to send role
[2025-06-20 09:32:03] [INFO    ] discord - prepare_game_start:753: DEBUG: Roles assigned
[2025-06-20 09:32:03] [INFO    ] discord - list_assigned_roles:673: list_assinged_roles called
[2025-06-20 09:32:04] [INFO    ] discord - prepare_game_start:764: DEBUG: Sending DM to all mafia players
[2025-06-20 09:32:04] [INFO    ] discord - send_mafia_info_dm:417: DEBUG: Calling send_mafia_info_dm
[2025-06-20 09:32:04] [INFO    ] discord - send_mafia_info_dm:428: Sent mafia list to all mafia alligned players
[2025-06-20 09:32:15] [INFO    ] discord - send_mafia_info_dm:428: Sent mafia list to all mafia alligned players
[2025-06-20 09:32:26] [INFO    ] discord - send_mafia_info_dm:428: Sent mafia list to all mafia alligned players
[2025-06-20 09:32:26] [ERROR   ] discord - prepare_game_start:774: gameprocess was running... now stopping
[2025-06-20 09:32:26] [ERROR   ] discord - prepare_game_start:777: After stopping, starting game process in Night
[2025-06-20 09:32:26] [INFO    ] discord - gameprocess:2330: DEBUG: Starting Night - 1 which will last 0.1 hours
[2025-06-20 09:32:26] [INFO    ] discord - gameprocess:2331: The town goes to sleep....
[2025-06-20 09:32:26] [INFO    ] discord - gameprocess:2335: DEBUG: Current time night ends = 2025-06-20 09:36:00+00:00
[2025-06-20 09:32:26] [INFO    ] discord - generate_status_message:608: DEBUG: generate_status_message called
[2025-06-20 09:32:26] [INFO    ] discord - generate_status_message:609: The current phase is Night - 1
[2025-06-20 09:32:26] [INFO    ] discord - get_time_left_string:568: format_time_remaining has been called with end time = 2025-06-20 09:36:00+00:00
[2025-06-20 09:32:26] [INFO    ] discord - get_time_left_string:585: Build return based on time left ==> 0, 0, 3, 33
[2025-06-20 09:32:26] [INFO    ] discord - get_specific_player_id:391: get_sepcific_player has been called for Godfather
[2025-06-20 09:32:26] [INFO    ] discord - gameprocess:2341: Sleeping....
[2025-06-20 09:32:44] [INFO    ] discord - get_player_id_by_name:373: DEBUG: get_player_id_by_name called
[2025-06-20 09:34:20] [INFO    ] discord - get_player_id_by_name:373: DEBUG: get_player_id_by_name called
[2025-06-20 09:34:21] [ERROR   ] discord - kill_command:1898: Player 746540828432007225 used /kill but target_id could not be found
[2025-06-20 09:35:15] [INFO    ] discord - get_player_id_by_name:373: DEBUG: get_player_id_by_name called
[2025-06-20 09:37:27] [INFO    ] discord - get_player_id_by_name:373: DEBUG: get_player_id_by_name called
[2025-06-20 09:38:36] [INFO    ] discord - gameprocess:2344: DEBUG: Roleblockers
[2025-06-20 09:38:36] [INFO    ] discord - process_role_block:1165: process_role_block called
[2025-06-20 09:38:36] [INFO    ] discord - get_specific_player_id:391: get_sepcific_player has been called for Town Role Blocker
[2025-06-20 09:38:36] [INFO    ] discord - get_specific_player_id:391: get_sepcific_player has been called for Mob Role Blocker
[2025-06-20 09:38:36] [INFO    ] discord - gameprocess:2350: DEBUG: SK Kill
[2025-06-20 09:38:36] [INFO    ] discord - get_specific_player_id:391: get_sepcific_player has been called for Serial Killer
[2025-06-20 09:38:37] [ERROR   ] discord - process_sk_night_kill:1229: DEBUG: No target selected for SK. Skipping kill process.
[2025-06-20 09:38:48] [INFO    ] discord - gameprocess:2357: DEBUG: Mob Kill
[2025-06-20 09:38:48] [INFO    ] discord - get_specific_player_id:391: get_sepcific_player has been called for Godfather
[2025-06-20 09:38:58] [INFO    ] discord - gameprocess:2364: DEBUG: Town Doc Heal
[2025-06-20 09:38:58] [INFO    ] discord - get_specific_player_id:391: get_sepcific_player has been called for Town Role Blocker
[2025-06-20 09:38:58] [INFO    ] discord - get_specific_player_id:391: get_sepcific_player has been called for Mob Role Blocker
[2025-06-20 09:38:58] [INFO    ] discord - get_specific_player_id:391: get_sepcific_player has been called for Town Doctor
[2025-06-20 09:39:09] [INFO    ] discord - gameprocess:2371: DEBUG: Town Cop Investigate
[2025-06-20 09:39:09] [INFO    ] discord - get_specific_player_id:391: get_sepcific_player has been called for Town Cop
[2025-06-20 09:39:09] [INFO    ] discord - get_specific_player_id:391: get_sepcific_player has been called for Town Role Blocker
[2025-06-20 09:39:09] [INFO    ] discord - get_specific_player_id:391: get_sepcific_player has been called for Mob Role Blocker
[2025-06-20 09:39:19] [INFO    ] discord - gameprocess:2378: DEBUG: All night actions done
[2025-06-20 09:39:19] [INFO    ] discord - update_player_discord_roles:285: INFO: Living = 1333019862754263053, dead = 1333019862754263052, spectator = 1333019862754263051
[2025-06-20 09:39:20] [INFO    ] discord - gameprocess:2381: DEBUG: Discord roles now updated
[2025-06-20 09:39:26] [INFO    ] discord - get_player_id_by_name:373: DEBUG: get_player_id_by_name called
[2025-06-20 09:39:30] [INFO    ] discord - gameprocess:2383: DEBUG: Checking winner
[2025-06-20 09:39:30] [INFO    ] discord - check_win_conditions:1072: No winner found
[2025-06-20 09:39:30] [INFO    ] discord - gameprocess:2385: Winner is None
[2025-06-20 09:39:30] [INFO    ] discord - gameprocess:2397: DEBUG: End of night phase, about to switch to day phase
[2025-06-20 09:39:30] [INFO    ] discord - gameprocess:2408: DEBUG: Day - 1 has dawned which will last 0.1 hours.
The town awakens...
[2025-06-20 09:39:31] [INFO    ] discord - gameprocess:2415: The current UTC time is 2025-06-20 09:39:31.162442+00:00
[2025-06-20 09:39:31] [INFO    ] discord - gameprocess:2417: DEBUG: Current time day ends = 2025-06-20 09:42:00+00:00
[2025-06-20 09:39:41] [INFO    ] discord - gameprocess:2419: DEBUG: Generate and send status message
[2025-06-20 09:39:41] [INFO    ] discord - generate_status_message:608: DEBUG: generate_status_message called
[2025-06-20 09:39:41] [INFO    ] discord - generate_status_message:609: The current phase is Day - 1
[2025-06-20 09:39:41] [INFO    ] discord - get_time_left_string:568: format_time_remaining has been called with end time = 2025-06-20 09:42:00+00:00
[2025-06-20 09:39:41] [INFO    ] discord - get_time_left_string:585: Build return based on time left ==> 0, 0, 2, 18
[2025-06-20 09:39:41] [INFO    ] discord - gameprocess:2423: working....
[2025-06-20 09:40:18] [INFO    ] discord - get_player_id_by_name:373: DEBUG: get_player_id_by_name called
[2025-06-20 09:40:18] [INFO    ] discord - process_lynch_vote:785: DEBUG: process_lynch_vote called
[2025-06-20 09:40:18] [INFO    ] discord - get_player_id_by_name:373: DEBUG: get_player_id_by_name called
[2025-06-20 09:40:18] [INFO    ] discord - send_vote_update:894: DEBUG: Send_vote_update called...
[2025-06-20 09:40:35] [INFO    ] discord - get_player_id_by_name:373: DEBUG: get_player_id_by_name called
[2025-06-20 09:40:35] [INFO    ] discord - process_lynch_vote:785: DEBUG: process_lynch_vote called
[2025-06-20 09:40:35] [INFO    ] discord - get_player_id_by_name:373: DEBUG: get_player_id_by_name called
[2025-06-20 09:40:36] [INFO    ] discord - send_vote_update:894: DEBUG: Send_vote_update called...
[2025-06-20 09:41:49] [ERROR   ] discord.ext.commands.bot - on_command_error:355: Ignoring exception in command None
discord.ext.commands.errors.CommandNotFound: Command "lynch" is not found
[2025-06-20 09:42:02] [INFO    ] discord - get_player_id_by_name:373: DEBUG: get_player_id_by_name called
[2025-06-20 09:42:02] [INFO    ] discord - process_lynch_vote:785: DEBUG: process_lynch_vote called
[2025-06-20 09:42:02] [INFO    ] discord - get_player_id_by_name:373: DEBUG: get_player_id_by_name called
[2025-06-20 09:42:02] [INFO    ] discord - send_vote_update:894: DEBUG: Send_vote_update called...
[2025-06-20 09:42:04] [INFO    ] discord - get_player_id_by_name:373: DEBUG: get_player_id_by_name called
[2025-06-20 09:42:04] [INFO    ] discord - process_lynch_vote:785: DEBUG: process_lynch_vote called
[2025-06-20 09:42:04] [INFO    ] discord - get_player_id_by_name:373: DEBUG: get_player_id_by_name called
[2025-06-20 09:42:04] [INFO    ] discord - send_vote_update:894: DEBUG: Send_vote_update called...
[2025-06-20 09:45:22] [INFO    ] discord.gateway - received_message:567: Shard ID None has successfully RESUMED session 88ce9a17af0d5fb70c8ecf599bd32632.
[2025-06-20 09:45:22] [INFO    ] discord - generate_status_message:608: DEBUG: generate_status_message called
[2025-06-20 09:45:22] [INFO    ] discord - generate_status_message:609: The current phase is Day - 1
[2025-06-20 09:45:22] [INFO    ] discord - get_time_left_string:568: format_time_remaining has been called with end time = 2025-06-20 09:42:00+00:00
[2025-06-20 09:45:22] [INFO    ] discord - get_time_left_string:578: Time's up!
[2025-06-20 09:45:22] [INFO    ] discord - status:1798: /Status called and info sent to channel
[2025-06-20 09:45:41] [INFO    ] discord - kill_inactive_player:1572: Checking for inactive voters...
[2025-06-20 09:45:41] [INFO    ] discord - kill_inactive_player:1579: Player Panda missed vote 1 time(s).
[2025-06-20 09:45:41] [INFO    ] discord - kill_inactive_player:1579: Player Squatch missed vote 1 time(s).
[2025-06-20 09:45:41] [INFO    ] discord - kill_inactive_player:1579: Player LisaMVP missed vote 1 time(s).
[2025-06-20 09:45:41] [INFO    ] discord - kill_inactive_player:1579: Player TheBigOne missed vote 1 time(s).
[2025-06-20 09:45:41] [INFO    ] discord - kill_inactive_player:1579: Player Schniepel missed vote 1 time(s).
[2025-06-20 09:45:41] [INFO    ] discord - kill_inactive_player:1579: Player Not The Godfather missed vote 1 time(s).
[2025-06-20 09:45:41] [INFO    ] discord - kill_inactive_player:1579: Player Definitely Not Sus missed vote 1 time(s).
[2025-06-20 09:45:41] [INFO    ] discord - kill_inactive_player:1579: Player Botty McBotface missed vote 1 time(s).
[2025-06-20 09:45:41] [WARNING ] discord - kill_inactive_player:1586: Player Panda (ID: 220142891027136512) marked inactive for missing vote.
[2025-06-20 09:45:41] [WARNING ] discord - kill_inactive_player:1586: Player Squatch (ID: 377879725894533121) marked inactive for missing vote.
[2025-06-20 09:45:41] [WARNING ] discord - kill_inactive_player:1586: Player LisaMVP (ID: 746540828432007225) marked inactive for missing vote.
[2025-06-20 09:45:41] [WARNING ] discord - kill_inactive_player:1586: Player TheBigOne (ID: 1057856572899999744) marked inactive for missing vote.
[2025-06-20 09:45:41] [WARNING ] discord - kill_inactive_player:1586: Player Schniepel (ID: 331831967723159566) marked inactive for missing vote.
[2025-06-20 09:45:41] [WARNING ] discord - kill_inactive_player:1586: Player Not The Godfather (ID: -8) marked inactive for missing vote.
[2025-06-20 09:45:41] [WARNING ] discord - kill_inactive_player:1586: Player Definitely Not Sus (ID: -4) marked inactive for missing vote.
[2025-06-20 09:45:41] [WARNING ] discord - kill_inactive_player:1586: Player Botty McBotface (ID: -1) marked inactive for missing vote.
[2025-06-20 09:45:41] [INFO    ] discord - kill_inactive_player:1602: Removed inactive player: Panda (ID: 220142891027136512), Reason: Inactive - Missed Vote
[2025-06-20 09:45:41] [INFO    ] discord - kill_inactive_player:1602: Removed inactive player: Squatch (ID: 377879725894533121), Reason: Inactive - Missed Vote
[2025-06-20 09:45:41] [INFO    ] discord - kill_inactive_player:1602: Removed inactive player: LisaMVP (ID: 746540828432007225), Reason: Inactive - Missed Vote
[2025-06-20 09:45:41] [INFO    ] discord - kill_inactive_player:1602: Removed inactive player: TheBigOne (ID: 1057856572899999744), Reason: Inactive - Missed Vote
[2025-06-20 09:45:41] [INFO    ] discord - kill_inactive_player:1602: Removed inactive player: Schniepel (ID: 331831967723159566), Reason: Inactive - Missed Vote
[2025-06-20 09:45:41] [INFO    ] discord - kill_inactive_player:1602: Removed inactive player: Not The Godfather (ID: -8), Reason: Inactive - Missed Vote
[2025-06-20 09:45:41] [INFO    ] discord - kill_inactive_player:1602: Removed inactive player: Definitely Not Sus (ID: -4), Reason: Inactive - Missed Vote
[2025-06-20 09:45:41] [INFO    ] discord - kill_inactive_player:1602: Removed inactive player: Botty McBotface (ID: -1), Reason: Inactive - Missed Vote
[2025-06-20 09:45:52] [INFO    ] discord - gameprocess:2431: DEBUG: Counting votes...
[2025-06-20 09:45:52] [INFO    ] discord - countlynchvotes:831: Debug: Lynched Players => [746540828432007225]
[2025-06-20 09:45:52] [INFO    ] discord - save_json_data:185: DEBUG: Data saved to stats/alpha_testing/20250620-093000/20250620-093000_Lynch_Data.json
[2025-06-20 09:46:03] [INFO    ] discord - update_player_discord_roles:285: INFO: Living = 1333019862754263053, dead = 1333019862754263052, spectator = 1333019862754263051
[2025-06-20 09:46:23] [INFO    ] discord - gameprocess:2441: DEBUG: Checking win conditions
[2025-06-20 09:46:23] [INFO    ] discord - check_win_conditions:985: The game was Won by the Town as they were the only people left
[2025-06-20 09:46:23] [INFO    ] discord - gameprocess:2444: We have a winner!
[2025-06-20 09:46:23] [INFO    ] discord - announce_winner:1080: Winning team = Town
[2025-06-20 09:47:06] [INFO    ] discord - save_json_data:185: DEBUG: Data saved to stats/alpha_testing/20250620-093000/20250620-093000_Game_Data.json
[2025-06-20 09:47:06] [INFO    ] discord - save_json_data:185: DEBUG: Data saved to stats/alpha_testing/20250620-093000/game_20250620-093000.json
[2025-06-20 09:47:06] [INFO    ] discord - generate_status_message:608: DEBUG: generate_status_message called
[2025-06-20 09:47:06] [INFO    ] discord - generate_status_message:609: The current phase is Day - 1
[2025-06-20 09:47:06] [INFO    ] discord - get_time_left_string:568: format_time_remaining has been called with end time = 2025-06-20 09:42:00+00:00
[2025-06-20 09:47:06] [INFO    ] discord - get_time_left_string:578: Time's up!
[2025-06-20 09:47:06] [INFO    ] discord - reset_game:697: DEBUG: reset_game() called
[2025-06-20 09:47:06] [INFO    ] discord - prepare_game_start:781: DEBUG: prepare_game_start finished
[2025-06-20 09:59:13] [INFO    ] discord - reset_game:697: DEBUG: reset_game() called
[2025-06-20 09:59:13] [INFO    ] discord - start_game:1645: DEBUG: Time signups end => 2025-06-20 10:30:00+00:00
[2025-06-20 09:59:13] [INFO    ] discord - start_game:1661: DEBUG: New game started with join hours 0.51
[2025-06-20 09:59:14] [INFO    ] discord - start_game:1680: DEBUG: Timestamp: 2025-06-20 09:59:14.905284+00:00 -  Game Started == True
[2025-06-20 09:59:30] [INFO    ] discord - update_player_discord_roles:285: INFO: Living = 1333019862754263053, dead = 1333019862754263052, spectator = 1333019862754263051
[2025-06-20 09:59:31] [INFO    ] discord - join_game:1730: DEBUG: Player joined: .you_fool (ID: 225405842235719680).
[2025-06-20 10:00:10] [ERROR   ] discord.ext.commands.bot - on_command_error:355: Ignoring exception in command None
discord.ext.commands.errors.CommandNotFound: Command "nafiajoin" is not found
[2025-06-20 10:00:11] [INFO    ] discord - update_player_discord_roles:285: INFO: Living = 1333019862754263053, dead = 1333019862754263052, spectator = 1333019862754263051
[2025-06-20 10:00:12] [INFO    ] discord - join_game:1730: DEBUG: Player joined: scriv88 (ID: 1039345137928646688).
[2025-06-20 10:00:18] [INFO    ] discord - update_player_discord_roles:285: INFO: Living = 1333019862754263053, dead = 1333019862754263052, spectator = 1333019862754263051
[2025-06-20 10:00:19] [INFO    ] discord - join_game:1730: DEBUG: Player joined: lisamafia (ID: 746540828432007225).
[2025-06-20 10:01:31] [INFO    ] discord - update_player_discord_roles:285: INFO: Living = 1333019862754263053, dead = 1333019862754263052, spectator = 1333019862754263051
[2025-06-20 10:01:32] [INFO    ] discord - join_game:1730: DEBUG: Player joined: schniepel (ID: 331831967723159566).
[2025-06-20 10:05:29] [INFO    ] discord - <module>:72: This is an info message.
[2025-06-20 10:05:29] [WARNING ] discord - <module>:73: This is a warning message.
[2025-06-20 10:05:29] [ERROR   ] discord - <module>:74: This is an error message.
[2025-06-20 10:05:29] [CRITICAL] discord - <module>:75: This is a critical message.
[2025-06-20 10:05:29] [INFO    ] discord.client - login:643: logging in using static token
[2025-06-20 10:05:30] [INFO    ] discord.gateway - received_message:562: Shard ID None has connected to Gateway (Session ID: 3eab46696df76dc0dc73229f81fbd639).
[2025-06-20 10:05:32] [CRITICAL] discord - on_ready:1618: Logged in as IC Mafia Bot (BETA)
[2025-06-20 10:05:36] [INFO    ] discord - reset_game:697: DEBUG: reset_game() called
[2025-06-20 10:05:36] [INFO    ] discord - start_game:1645: DEBUG: Time signups end => 2025-06-20 10:30:00+00:00
[2025-06-20 10:05:36] [INFO    ] discord - start_game:1661: DEBUG: New game started with join hours 0.41
[2025-06-20 10:05:37] [INFO    ] discord - start_game:1680: DEBUG: Timestamp: 2025-06-20 10:05:37.900516+00:00 -  Game Started == True
[2025-06-20 10:05:42] [INFO    ] discord - reinitialize_players:2211: Reinitialize players command called by .you_fool
[2025-06-20 10:05:42] [INFO    ] discord - reinitialize_players:2238: Current game phase for reinitialization: 'Signup'
[2025-06-20 10:05:42] [INFO    ] discord - reinitialize_players:2243: Reinitializing players during signup phase.
[2025-06-20 10:05:43] [INFO    ] discord - reinitialize_players:2304: Player dictionary reinitialized by .you_fool
[2025-06-20 10:05:43] [INFO    ] discord - reinitialize_players:2305: New Player dictionary: {225405842235719680: {'name': '.you_fool', 'display_name': 'You_Fool', 'role': None, 'alive': True, 'votes': 0, 'action_target': None, 'previous_target': None, 'missed_votes': 0, 'death_info': {}}, 331831967723159566: {'name': 'schniepel', 'display_name': 'Schniepel', 'role': None, 'alive': True, 'votes': 0, 'action_target': None, 'previous_target': None, 'missed_votes': 0, 'death_info': {}}, 746540828432007225: {'name': 'lisamafia', 'display_name': 'LisaMVP', 'role': None, 'alive': True, 'votes': 0, 'action_target': None, 'previous_target': None, 'missed_votes': 0, 'death_info': {}}, 1039345137928646688: {'name': 'scriv88', 'display_name': 'sCriv', 'role': None, 'alive': True, 'votes': 0, 'action_target': None, 'previous_target': None, 'missed_votes': 0, 'death_info': {}}}
[2025-06-20 10:05:50] [INFO    ] discord - generate_status_message:608: DEBUG: generate_status_message called
[2025-06-20 10:05:50] [INFO    ] discord - generate_status_message:609: The current phase is  - 0
[2025-06-20 10:05:50] [INFO    ] discord - get_time_left_string:568: format_time_remaining has been called with end time = 2025-06-20 10:30:00+00:00
[2025-06-20 10:05:50] [INFO    ] discord - get_time_left_string:585: Build return based on time left ==> 0, 0, 24, 9
[2025-06-20 10:05:50] [INFO    ] discord - generate_status_message:621: DEBUG: Status message generated during setup with 24 minutes and 9 seconds
[2025-06-20 10:05:50] [INFO    ] discord - status:1798: /Status called and info sent to channel
[2025-06-20 10:16:04] [INFO    ] discord - update_player_discord_roles:285: INFO: Living = 1333019862754263053, dead = 1333019862754263052, spectator = 1333019862754263051
[2025-06-20 10:16:06] [INFO    ] discord - join_game:1730: DEBUG: Player joined: squatchosaurusrex (ID: 377879725894533121).
[2025-06-20 10:30:00] [INFO    ] discord - start_game:1683: DEBUG: Timestamp: 2025-06-20 10:30:00.029946+00:00 - game started = True so prepare game start
[2025-06-20 10:30:00] [INFO    ] discord - prepare_game_start:716: prepare_game_start called
[2025-06-20 10:30:00] [INFO    ] discord - prepare_game_start:718: Game ID generated = 20250620-103000
[2025-06-20 10:30:00] [INFO    ] discord - prepare_game_start:743: DEBUG: Game created with game_id = 20250620-103000
[2025-06-20 10:30:00] [INFO    ] discord - save_json_data:185: DEBUG: Data saved to stats/alpha_testing/20250620-103000/game_20250620-103000.json
[2025-06-20 10:30:00] [INFO    ] discord - prepare_game_start:748: DEBUG: Stat files created... assigning 5 roles...
[2025-06-20 10:30:00] [INFO    ] discord - generate_game_roles:555: Game Roles Created
[2025-06-20 10:30:01] [ERROR   ] discord - test_randomness:496: Test script failed with exit code 1:

[2025-06-20 10:30:31] [INFO    ] discord - send_role_dm:400: DEBUG: Player ID = 225405842235719680 Ready to send role
[2025-06-20 10:30:42] [INFO    ] discord - send_role_dm:400: DEBUG: Player ID = 377879725894533121 Ready to send role
[2025-06-20 10:30:53] [INFO    ] discord - send_role_dm:400: DEBUG: Player ID = 746540828432007225 Ready to send role
[2025-06-20 10:31:04] [INFO    ] discord - send_role_dm:400: DEBUG: Player ID = 331831967723159566 Ready to send role
[2025-06-20 10:31:15] [INFO    ] discord - send_role_dm:400: DEBUG: Player ID = 1039345137928646688 Ready to send role
[2025-06-20 10:31:26] [INFO    ] discord - prepare_game_start:753: DEBUG: Roles assigned
[2025-06-20 10:31:26] [INFO    ] discord - list_assigned_roles:673: list_assinged_roles called
[2025-06-20 10:31:27] [INFO    ] discord - prepare_game_start:764: DEBUG: Sending DM to all mafia players
[2025-06-20 10:31:27] [INFO    ] discord - send_mafia_info_dm:417: DEBUG: Calling send_mafia_info_dm
[2025-06-20 10:31:27] [INFO    ] discord - send_mafia_info_dm:428: Sent mafia list to all mafia alligned players
[2025-06-20 10:31:37] [INFO    ] discord - send_mafia_info_dm:428: Sent mafia list to all mafia alligned players
[2025-06-20 10:31:48] [ERROR   ] discord - roleblock_command:2063: Player 331831967723159566 tried to use /investigate during the  phase.
[2025-06-20 10:31:48] [INFO    ] discord - send_mafia_info_dm:428: Sent mafia list to all mafia alligned players
[2025-06-20 10:31:59] [ERROR   ] discord - prepare_game_start:774: gameprocess was running... now stopping
[2025-06-20 10:31:59] [ERROR   ] discord - prepare_game_start:777: After stopping, starting game process in Night
[2025-06-20 10:31:59] [INFO    ] discord - gameprocess:2330: DEBUG: Starting Night - 1 which will last 0.1667 hours
[2025-06-20 10:31:59] [INFO    ] discord - gameprocess:2331: The town goes to sleep....
[2025-06-20 10:31:59] [INFO    ] discord - gameprocess:2335: DEBUG: Current time night ends = 2025-06-20 10:40:00.120000+00:00
[2025-06-20 10:31:59] [INFO    ] discord - generate_status_message:608: DEBUG: generate_status_message called
[2025-06-20 10:31:59] [INFO    ] discord - generate_status_message:609: The current phase is Night - 1
[2025-06-20 10:31:59] [INFO    ] discord - get_time_left_string:568: format_time_remaining has been called with end time = 2025-06-20 10:40:00.120000+00:00
[2025-06-20 10:31:59] [INFO    ] discord - get_time_left_string:585: Build return based on time left ==> 0, 0, 8, 0
[2025-06-20 10:31:59] [INFO    ] discord - get_specific_player_id:391: get_sepcific_player has been called for Godfather
[2025-06-20 10:31:59] [INFO    ] discord - gameprocess:2341: Sleeping....
[2025-06-20 10:33:33] [ERROR   ] discord - join_game:1736: 220142891027136512 tried to join an active game
[2025-06-20 10:34:07] [INFO    ] discord - get_player_id_by_name:373: DEBUG: get_player_id_by_name called
[2025-06-20 10:34:37] [INFO    ] discord - get_player_id_by_name:373: DEBUG: get_player_id_by_name called
[2025-06-20 10:35:42] [ERROR   ] discord - join_game:1736: 479362336264683520 tried to join an active game
[2025-06-20 10:36:26] [INFO    ] discord - get_player_id_by_name:373: DEBUG: get_player_id_by_name called
[2025-06-20 10:42:10] [INFO    ] discord - gameprocess:2344: DEBUG: Roleblockers
[2025-06-20 10:42:10] [INFO    ] discord - process_role_block:1165: process_role_block called
[2025-06-20 10:42:10] [INFO    ] discord - get_specific_player_id:391: get_sepcific_player has been called for Town Role Blocker
[2025-06-20 10:42:10] [INFO    ] discord - get_specific_player_id:391: get_sepcific_player has been called for Mob Role Blocker
[2025-06-20 10:42:10] [INFO    ] discord - gameprocess:2350: DEBUG: SK Kill
[2025-06-20 10:42:10] [INFO    ] discord - get_specific_player_id:391: get_sepcific_player has been called for Serial Killer
[2025-06-20 10:42:10] [ERROR   ] discord - process_sk_night_kill:1203: DEBUG: No living Serial Killer found. Skipping SK night kill process.
[2025-06-20 10:42:20] [INFO    ] discord - gameprocess:2357: DEBUG: Mob Kill
[2025-06-20 10:42:20] [INFO    ] discord - get_specific_player_id:391: get_sepcific_player has been called for Godfather
[2025-06-20 10:42:20] [INFO    ] discord - process_mafia_night_kill:1325: Godfather was blocked by town RB
[2025-06-20 10:42:30] [INFO    ] discord - gameprocess:2364: DEBUG: Town Doc Heal
[2025-06-20 10:42:30] [INFO    ] discord - get_specific_player_id:391: get_sepcific_player has been called for Town Role Blocker
[2025-06-20 10:42:30] [INFO    ] discord - get_specific_player_id:391: get_sepcific_player has been called for Mob Role Blocker
[2025-06-20 10:42:30] [INFO    ] discord - get_specific_player_id:391: get_sepcific_player has been called for Town Doctor
[2025-06-20 10:42:40] [INFO    ] discord - gameprocess:2371: DEBUG: Town Cop Investigate
[2025-06-20 10:42:40] [INFO    ] discord - get_specific_player_id:391: get_sepcific_player has been called for Town Cop
[2025-06-20 10:42:40] [INFO    ] discord - get_specific_player_id:391: get_sepcific_player has been called for Town Role Blocker
[2025-06-20 10:42:40] [INFO    ] discord - get_specific_player_id:391: get_sepcific_player has been called for Mob Role Blocker
[2025-06-20 10:42:50] [INFO    ] discord - gameprocess:2378: DEBUG: All night actions done
[2025-06-20 10:42:50] [INFO    ] discord - update_player_discord_roles:285: INFO: Living = 1333019862754263053, dead = 1333019862754263052, spectator = 1333019862754263051
[2025-06-20 10:42:50] [INFO    ] discord - gameprocess:2381: DEBUG: Discord roles now updated
[2025-06-20 10:43:00] [INFO    ] discord - gameprocess:2383: DEBUG: Checking winner
[2025-06-20 10:43:00] [INFO    ] discord - check_win_conditions:981: The game was won by the Mafia after the SK died and Mafia outnumbered Town
[2025-06-20 10:43:00] [INFO    ] discord - gameprocess:2385: Winner is Mafia
[2025-06-20 10:43:00] [INFO    ] discord - gameprocess:2387: We have a winner!
[2025-06-20 10:43:00] [INFO    ] discord - announce_winner:1080: Winning team = Mafia
[2025-06-20 10:43:42] [INFO    ] discord - save_json_data:185: DEBUG: Data saved to stats/alpha_testing/20250620-103000/20250620-103000_Game_Data.json
[2025-06-20 10:43:42] [INFO    ] discord - save_json_data:185: DEBUG: Data saved to stats/alpha_testing/20250620-103000/game_20250620-103000.json
[2025-06-20 10:43:42] [INFO    ] discord - generate_status_message:608: DEBUG: generate_status_message called
[2025-06-20 10:43:42] [INFO    ] discord - generate_status_message:609: The current phase is None - 1
[2025-06-20 10:43:42] [INFO    ] discord - get_time_left_string:568: format_time_remaining has been called with end time = 2025-06-20 10:40:00.120000+00:00
[2025-06-20 10:43:42] [INFO    ] discord - get_time_left_string:578: Time's up!
[2025-06-20 10:43:42] [INFO    ] discord - reset_game:697: DEBUG: reset_game() called
[2025-06-20 10:43:42] [INFO    ] discord - prepare_game_start:781: DEBUG: prepare_game_start finished
[2025-06-20 10:49:40] [ERROR   ] discord - join_game:1697: No game is currently running.
[2025-06-20 10:54:42] [ERROR   ] discord - join_game:1697: No game is currently running.
[2025-06-20 12:59:27] [INFO    ] discord.gateway - received_message:567: Shard ID None has successfully RESUMED session 3eab46696df76dc0dc73229f81fbd639.
[2025-06-20 15:47:28] [INFO    ] discord.gateway - received_message:567: Shard ID None has successfully RESUMED session 3eab46696df76dc0dc73229f81fbd639.
[2025-06-20 16:15:03] [INFO    ] discord.gateway - received_message:567: Shard ID None has successfully RESUMED session 3eab46696df76dc0dc73229f81fbd639.
[2025-06-20 18:38:34] [INFO    ] discord.gateway - received_message:567: Shard ID None has successfully RESUMED session 3eab46696df76dc0dc73229f81fbd639.
[2025-06-20 19:20:00] [INFO    ] discord.gateway - received_message:567: Shard ID None has successfully RESUMED session 3eab46696df76dc0dc73229f81fbd639.
[2025-06-20 19:58:11] [INFO    ] discord.gateway - received_message:567: Shard ID None has successfully RESUMED session 3eab46696df76dc0dc73229f81fbd639.
[2025-06-20 20:09:10] [INFO    ] discord.gateway - received_message:567: Shard ID None has successfully RESUMED session 3eab46696df76dc0dc73229f81fbd639.
Traceback (most recent call last):
  File "/home/opc/IC-Mafia-Bot/bot.py", line 22, in <module>
    bot = commands.Bot(command_prefix=config.BOT_PREFIX, intents=intents)
                                      ^^^^^^^^^^^^^^^^^
AttributeError: module 'config' has no attribute 'BOT_PREFIX'
Traceback (most recent call last):
  File "/home/opc/IC-Mafia-Bot/bot.py", line 22, in <module>
    bot = commands.Bot(command_prefix=config.BOT_PREFIX, intents=intents)
                                      ^^^^^^^^^^^^^^^^^
AttributeError: module 'config' has no attribute 'BOT_PREFIX'
Traceback (most recent call last):
  File "/home/opc/IC-Mafia-Bot/bot.py", line 22, in <module>
    bot = commands.Bot(command_prefix=config.BOT_PREFIX, intents=intents)
                                      ^^^^^^^^^^^^^^^^^
AttributeError: module 'config' has no attribute 'BOT_PREFIX'
[2025-06-21 05:00:48] [INFO    ] discord - <module>:72: This is an info message.
[2025-06-21 05:00:48] [WARNING ] discord - <module>:73: This is a warning message.
[2025-06-21 05:00:48] [ERROR   ] discord - <module>:74: This is an error message.
[2025-06-21 05:00:48] [CRITICAL] discord - <module>:75: This is a critical message.
[2025-06-21 05:00:48] [INFO    ] discord.client - login:643: logging in using static token
[2025-06-21 05:00:50] [INFO    ] discord.gateway - received_message:562: Shard ID None has connected to Gateway (Session ID: 9e6c3418fda679531b62da70e14d2b41).
[2025-06-21 05:00:52] [CRITICAL] discord - on_ready:1623: Logged in as IC Mafia Bot (BETA)
[2025-06-21 07:08:27] [INFO    ] discord.gateway - received_message:567: Shard ID None has successfully RESUMED session 9e6c3418fda679531b62da70e14d2b41.
[2025-06-21 08:22:37] [INFO    ] discord - reset_game:697: DEBUG: reset_game() called
[2025-06-21 08:22:38] [INFO    ] discord - start_game:1650: DEBUG: Time signups end => 2025-06-21 09:30:00+00:00
[2025-06-21 08:22:38] [INFO    ] discord - start_game:1666: DEBUG: New game started with join hours 1.12
[2025-06-21 08:22:39] [INFO    ] discord - start_game:1685: DEBUG: Timestamp: 2025-06-21 08:22:39.502510+00:00 -  Game Started == True
[2025-06-21 08:22:49] [INFO    ] discord - update_player_discord_roles:285: INFO: Living = 1322336366796996789, dead = 1322336409926762586, spectator = 1322335985702277151
[2025-06-21 08:22:49] [ERROR   ] discord - update_player_discord_roles:291: ERROR: Could not find 'Living Players', 'Dead Players', or 'Spectator' role.
[2025-06-21 08:22:49] [INFO    ] discord - join_game:1735: DEBUG: Player joined: .you_fool (ID: 225405842235719680).
[2025-06-21 08:24:02] [INFO    ] discord - update_player_discord_roles:285: INFO: Living = 1322336366796996789, dead = 1322336409926762586, spectator = 1322335985702277151
[2025-06-21 08:24:02] [ERROR   ] discord - update_player_discord_roles:291: ERROR: Could not find 'Living Players', 'Dead Players', or 'Spectator' role.
[2025-06-21 08:24:02] [INFO    ] discord - join_game:1735: DEBUG: Player joined: mrblonde3442 (ID: 479362336264683520).
[2025-06-21 09:00:32] [INFO    ] discord - update_player_discord_roles:285: INFO: Living = 1322336366796996789, dead = 1322336409926762586, spectator = 1322335985702277151
[2025-06-21 09:00:32] [ERROR   ] discord - update_player_discord_roles:291: ERROR: Could not find 'Living Players', 'Dead Players', or 'Spectator' role.
[2025-06-21 09:00:32] [INFO    ] discord - join_game:1735: DEBUG: Player joined: lisamafia (ID: 746540828432007225).
[2025-06-21 09:21:45] [INFO    ] discord.gateway - received_message:567: Shard ID None has successfully RESUMED session 9e6c3418fda679531b62da70e14d2b41.
[2025-06-21 09:30:00] [INFO    ] discord - start_game:1688: DEBUG: Timestamp: 2025-06-21 09:30:00.031887+00:00 - game started = True so prepare game start
[2025-06-21 09:30:00] [INFO    ] discord - prepare_game_start:716: prepare_game_start called
[2025-06-21 09:30:00] [INFO    ] discord - prepare_game_start:718: Game ID generated = 20250621-093000
[2025-06-21 09:30:00] [INFO    ] discord - prepare_game_start:748: DEBUG: Game created with game_id = 20250621-093000
[2025-06-21 09:30:00] [INFO    ] discord - save_json_data:185: DEBUG: Data saved to stats/alpha_testing/20250621-093000/game_20250621-093000.json
[2025-06-21 09:30:00] [INFO    ] discord - prepare_game_start:753: DEBUG: Stat files created... assigning 8 roles...
[2025-06-21 09:30:00] [INFO    ] discord - generate_game_roles:555: Game Roles Created
[2025-06-21 09:30:01] [ERROR   ] discord - test_randomness:496: Test script failed with exit code 1:

[2025-06-21 09:30:04] [INFO    ] discord - send_role_dm:400: DEBUG: Player ID = 225405842235719680 Ready to send role
[2025-06-21 09:30:06] [INFO    ] discord - send_role_dm:400: DEBUG: Player ID = 746540828432007225 Ready to send role
[2025-06-21 09:30:08] [INFO    ] discord - send_role_dm:400: DEBUG: Player ID = 479362336264683520 Ready to send role
[2025-06-21 09:30:10] [INFO    ] discord - prepare_game_start:758: DEBUG: Roles assigned
[2025-06-21 09:30:10] [INFO    ] discord - list_assigned_roles:673: list_assinged_roles called
[2025-06-21 09:30:11] [INFO    ] discord - prepare_game_start:769: DEBUG: Sending DM to all mafia players
[2025-06-21 09:30:11] [INFO    ] discord - send_mafia_info_dm:417: DEBUG: Calling send_mafia_info_dm
[2025-06-21 09:30:11] [INFO    ] discord - send_mafia_info_dm:428: Sent mafia list to all mafia alligned players
[2025-06-21 09:30:13] [INFO    ] discord - send_mafia_info_dm:428: Sent mafia list to all mafia alligned players
[2025-06-21 09:30:13] [INFO    ] discord - send_mafia_info_dm:428: Sent mafia list to all mafia alligned players
[2025-06-21 09:30:13] [ERROR   ] discord - prepare_game_start:779: gameprocess was running... now stopping
[2025-06-21 09:30:13] [ERROR   ] discord - prepare_game_start:782: After stopping, starting game process in Night
[2025-06-21 09:30:13] [INFO    ] discord - gameprocess:2335: DEBUG: Starting Night - 1 which will last 0.1667 hours
[2025-06-21 09:30:13] [INFO    ] discord - gameprocess:2336: The town goes to sleep....
[2025-06-21 09:30:13] [INFO    ] discord - gameprocess:2340: DEBUG: Current time night ends = 2025-06-21 09:40:00.120000+00:00
[2025-06-21 09:30:13] [INFO    ] discord - generate_status_message:608: DEBUG: generate_status_message called
[2025-06-21 09:30:13] [INFO    ] discord - generate_status_message:609: The current phase is Night - 1
[2025-06-21 09:30:13] [INFO    ] discord - get_time_left_string:568: format_time_remaining has been called with end time = 2025-06-21 09:40:00.120000+00:00
[2025-06-21 09:30:13] [INFO    ] discord - get_time_left_string:585: Build return based on time left ==> 0, 0, 9, 46
[2025-06-21 09:30:14] [INFO    ] discord - get_specific_player_id:391: get_sepcific_player has been called for Godfather
[2025-06-21 09:30:14] [INFO    ] discord - gameprocess:2346: Sleeping....
[2025-06-21 09:35:06] [INFO    ] discord - reinitialize_players:2216: Reinitialize players command called by .you_fool
[2025-06-21 09:35:06] [ERROR   ] discord - reinitialize_players:2240: Could not find essential game roles in discord_roles.json or server.
[2025-06-21 09:36:11] [INFO    ] discord - get_player_id_by_name:373: DEBUG: get_player_id_by_name called
[2025-06-21 09:40:15] [INFO    ] discord - gameprocess:2349: DEBUG: Roleblockers
[2025-06-21 09:40:15] [INFO    ] discord - process_role_block:1170: process_role_block called
[2025-06-21 09:40:15] [INFO    ] discord - get_specific_player_id:391: get_sepcific_player has been called for Town Role Blocker
[2025-06-21 09:40:15] [INFO    ] discord - get_specific_player_id:391: get_sepcific_player has been called for Mob Role Blocker
[2025-06-21 09:40:15] [INFO    ] discord - gameprocess:2355: DEBUG: SK Kill
[2025-06-21 09:40:15] [INFO    ] discord - get_specific_player_id:391: get_sepcific_player has been called for Serial Killer
[2025-06-21 09:40:15] [ERROR   ] discord - process_sk_night_kill:1208: DEBUG: No living Serial Killer found. Skipping SK night kill process.
[2025-06-21 09:40:16] [INFO    ] discord - gameprocess:2362: DEBUG: Mob Kill
[2025-06-21 09:40:16] [INFO    ] discord - get_specific_player_id:391: get_sepcific_player has been called for Godfather
[2025-06-21 09:40:18] [INFO    ] discord - gameprocess:2369: DEBUG: Town Doc Heal
[2025-06-21 09:40:18] [INFO    ] discord - get_specific_player_id:391: get_sepcific_player has been called for Town Role Blocker
[2025-06-21 09:40:18] [INFO    ] discord - get_specific_player_id:391: get_sepcific_player has been called for Mob Role Blocker
[2025-06-21 09:40:18] [INFO    ] discord - get_specific_player_id:391: get_sepcific_player has been called for Town Doctor
[2025-06-21 09:40:19] [INFO    ] discord - gameprocess:2376: DEBUG: Town Cop Investigate
[2025-06-21 09:40:19] [INFO    ] discord - get_specific_player_id:391: get_sepcific_player has been called for Town Cop
[2025-06-21 09:40:19] [INFO    ] discord - get_specific_player_id:391: get_sepcific_player has been called for Town Role Blocker
[2025-06-21 09:40:19] [INFO    ] discord - get_specific_player_id:391: get_sepcific_player has been called for Mob Role Blocker
[2025-06-21 09:40:20] [INFO    ] discord - gameprocess:2383: DEBUG: All night actions done
[2025-06-21 09:40:20] [INFO    ] discord - update_player_discord_roles:285: INFO: Living = 1322336366796996789, dead = 1322336409926762586, spectator = 1322335985702277151
[2025-06-21 09:40:20] [ERROR   ] discord - update_player_discord_roles:291: ERROR: Could not find 'Living Players', 'Dead Players', or 'Spectator' role.
[2025-06-21 09:40:20] [INFO    ] discord - gameprocess:2386: DEBUG: Discord roles now updated
[2025-06-21 09:40:21] [INFO    ] discord - gameprocess:2388: DEBUG: Checking winner
[2025-06-21 09:40:21] [INFO    ] discord - check_win_conditions:1077: No winner found
[2025-06-21 09:40:21] [INFO    ] discord - gameprocess:2390: Winner is None
[2025-06-21 09:40:21] [INFO    ] discord - gameprocess:2402: DEBUG: End of night phase, about to switch to day phase
[2025-06-21 09:40:21] [INFO    ] discord - gameprocess:2413: DEBUG: Day - 1 has dawned which will last 0.1667 hours.
The town awakens...
[2025-06-21 09:40:21] [INFO    ] discord - gameprocess:2420: The current UTC time is 2025-06-21 09:40:21.857613+00:00
[2025-06-21 09:40:21] [INFO    ] discord - gameprocess:2422: DEBUG: Current time day ends = 2025-06-21 09:50:00.240000+00:00
[2025-06-21 09:40:22] [INFO    ] discord - gameprocess:2424: DEBUG: Generate and send status message
[2025-06-21 09:40:22] [INFO    ] discord - generate_status_message:608: DEBUG: generate_status_message called
[2025-06-21 09:40:22] [INFO    ] discord - generate_status_message:609: The current phase is Day - 1
[2025-06-21 09:40:22] [INFO    ] discord - get_time_left_string:568: format_time_remaining has been called with end time = 2025-06-21 09:50:00.240000+00:00
[2025-06-21 09:40:22] [INFO    ] discord - get_time_left_string:585: Build return based on time left ==> 0, 0, 9, 37
[2025-06-21 09:40:23] [INFO    ] discord - gameprocess:2428: working....
[2025-06-21 09:40:38] [ERROR   ] discord.ext.commands.bot - on_command_error:355: Ignoring exception in command vote
Traceback (most recent call last):
  File "/home/opc/IC-Mafia-Bot/.venv/lib/python3.13/site-packages/discord/ext/commands/bot.py", line 1366, in invoke
    await ctx.command.invoke(ctx)
  File "/home/opc/IC-Mafia-Bot/.venv/lib/python3.13/site-packages/discord/ext/commands/core.py", line 1021, in invoke
    await self.prepare(ctx)
  File "/home/opc/IC-Mafia-Bot/.venv/lib/python3.13/site-packages/discord/ext/commands/core.py", line 925, in prepare
    if not await self.can_run(ctx):
           ^^^^^^^^^^^^^^^^^^^^^^^
  File "/home/opc/IC-Mafia-Bot/.venv/lib/python3.13/site-packages/discord/ext/commands/core.py", line 1288, in can_run
    return await discord.utils.async_all(predicate(ctx) for predicate in predicates)  # type: ignore
           ^^^^^^^^^^^^^^^^^^^^^^^^^^^^^^^^^^^^^^^^^^^^^^^^^^^^^^^^^^^^^^^^^^^^^^^^^
  File "/home/opc/IC-Mafia-Bot/.venv/lib/python3.13/site-packages/discord/utils.py", line 725, in async_all
    for elem in gen:
                ^^^
  File "/home/opc/IC-Mafia-Bot/.venv/lib/python3.13/site-packages/discord/ext/commands/core.py", line 1288, in <genexpr>
    return await discord.utils.async_all(predicate(ctx) for predicate in predicates)  # type: ignore
                                         ~~~~~~~~~^^^^^
  File "/home/opc/IC-Mafia-Bot/.venv/lib/python3.13/site-packages/discord/ext/commands/core.py", line 2051, in predicate
    raise MissingRole(item)
discord.ext.commands.errors.MissingRole: Role 1322336366796996789 is required to run this command.
[2025-06-21 09:41:07] [ERROR   ] discord.ext.commands.bot - on_command_error:355: Ignoring exception in command vote
Traceback (most recent call last):
  File "/home/opc/IC-Mafia-Bot/.venv/lib/python3.13/site-packages/discord/ext/commands/bot.py", line 1366, in invoke
    await ctx.command.invoke(ctx)
  File "/home/opc/IC-Mafia-Bot/.venv/lib/python3.13/site-packages/discord/ext/commands/core.py", line 1021, in invoke
    await self.prepare(ctx)
  File "/home/opc/IC-Mafia-Bot/.venv/lib/python3.13/site-packages/discord/ext/commands/core.py", line 925, in prepare
    if not await self.can_run(ctx):
           ^^^^^^^^^^^^^^^^^^^^^^^
  File "/home/opc/IC-Mafia-Bot/.venv/lib/python3.13/site-packages/discord/ext/commands/core.py", line 1288, in can_run
    return await discord.utils.async_all(predicate(ctx) for predicate in predicates)  # type: ignore
           ^^^^^^^^^^^^^^^^^^^^^^^^^^^^^^^^^^^^^^^^^^^^^^^^^^^^^^^^^^^^^^^^^^^^^^^^^
  File "/home/opc/IC-Mafia-Bot/.venv/lib/python3.13/site-packages/discord/utils.py", line 725, in async_all
    for elem in gen:
                ^^^
  File "/home/opc/IC-Mafia-Bot/.venv/lib/python3.13/site-packages/discord/ext/commands/core.py", line 1288, in <genexpr>
    return await discord.utils.async_all(predicate(ctx) for predicate in predicates)  # type: ignore
                                         ~~~~~~~~~^^^^^
  File "/home/opc/IC-Mafia-Bot/.venv/lib/python3.13/site-packages/discord/ext/commands/core.py", line 2051, in predicate
    raise MissingRole(item)
discord.ext.commands.errors.MissingRole: Role 1322336366796996789 is required to run this command.
[2025-06-21 09:41:21] [ERROR   ] discord.ext.commands.bot - on_command_error:355: Ignoring exception in command mafiastop
Traceback (most recent call last):
  File "/home/opc/IC-Mafia-Bot/.venv/lib/python3.13/site-packages/discord/ext/commands/bot.py", line 1366, in invoke
    await ctx.command.invoke(ctx)
  File "/home/opc/IC-Mafia-Bot/.venv/lib/python3.13/site-packages/discord/ext/commands/core.py", line 1021, in invoke
    await self.prepare(ctx)
  File "/home/opc/IC-Mafia-Bot/.venv/lib/python3.13/site-packages/discord/ext/commands/core.py", line 925, in prepare
    if not await self.can_run(ctx):
           ^^^^^^^^^^^^^^^^^^^^^^^
  File "/home/opc/IC-Mafia-Bot/.venv/lib/python3.13/site-packages/discord/ext/commands/core.py", line 1288, in can_run
    return await discord.utils.async_all(predicate(ctx) for predicate in predicates)  # type: ignore
           ^^^^^^^^^^^^^^^^^^^^^^^^^^^^^^^^^^^^^^^^^^^^^^^^^^^^^^^^^^^^^^^^^^^^^^^^^
  File "/home/opc/IC-Mafia-Bot/.venv/lib/python3.13/site-packages/discord/utils.py", line 725, in async_all
    for elem in gen:
                ^^^
  File "/home/opc/IC-Mafia-Bot/.venv/lib/python3.13/site-packages/discord/ext/commands/core.py", line 1288, in <genexpr>
    return await discord.utils.async_all(predicate(ctx) for predicate in predicates)  # type: ignore
                                         ~~~~~~~~~^^^^^
  File "/home/opc/IC-Mafia-Bot/.venv/lib/python3.13/site-packages/discord/ext/commands/core.py", line 2051, in predicate
    raise MissingRole(item)
discord.ext.commands.errors.MissingRole: Role 1322336444366454895 is required to run this command.
[2025-06-21 09:41:26] [ERROR   ] discord - join_game:1741: 220142891027136512 tried to join an active game
[2025-06-21 09:41:27] [ERROR   ] discord.ext.commands.bot - on_command_error:355: Ignoring exception in command None
discord.ext.commands.errors.CommandNotFound: Command "stop" is not found
[2025-06-21 09:41:34] [ERROR   ] discord.ext.commands.bot - on_command_error:355: Ignoring exception in command vote
Traceback (most recent call last):
  File "/home/opc/IC-Mafia-Bot/.venv/lib/python3.13/site-packages/discord/ext/commands/bot.py", line 1366, in invoke
    await ctx.command.invoke(ctx)
  File "/home/opc/IC-Mafia-Bot/.venv/lib/python3.13/site-packages/discord/ext/commands/core.py", line 1021, in invoke
    await self.prepare(ctx)
  File "/home/opc/IC-Mafia-Bot/.venv/lib/python3.13/site-packages/discord/ext/commands/core.py", line 925, in prepare
    if not await self.can_run(ctx):
           ^^^^^^^^^^^^^^^^^^^^^^^
  File "/home/opc/IC-Mafia-Bot/.venv/lib/python3.13/site-packages/discord/ext/commands/core.py", line 1288, in can_run
    return await discord.utils.async_all(predicate(ctx) for predicate in predicates)  # type: ignore
           ^^^^^^^^^^^^^^^^^^^^^^^^^^^^^^^^^^^^^^^^^^^^^^^^^^^^^^^^^^^^^^^^^^^^^^^^^
  File "/home/opc/IC-Mafia-Bot/.venv/lib/python3.13/site-packages/discord/utils.py", line 725, in async_all
    for elem in gen:
                ^^^
  File "/home/opc/IC-Mafia-Bot/.venv/lib/python3.13/site-packages/discord/ext/commands/core.py", line 1288, in <genexpr>
    return await discord.utils.async_all(predicate(ctx) for predicate in predicates)  # type: ignore
                                         ~~~~~~~~~^^^^^
  File "/home/opc/IC-Mafia-Bot/.venv/lib/python3.13/site-packages/discord/ext/commands/core.py", line 2051, in predicate
    raise MissingRole(item)
discord.ext.commands.errors.MissingRole: Role 1322336366796996789 is required to run this command.
[2025-06-21 09:42:21] [ERROR   ] discord.ext.commands.bot - on_command_error:355: Ignoring exception in command None
discord.ext.commands.errors.CommandNotFound: Command "stop" is not found
[2025-06-21 09:42:28] [ERROR   ] discord.ext.commands.bot - on_command_error:355: Ignoring exception in command mafiastop
Traceback (most recent call last):
  File "/home/opc/IC-Mafia-Bot/.venv/lib/python3.13/site-packages/discord/ext/commands/bot.py", line 1366, in invoke
    await ctx.command.invoke(ctx)
  File "/home/opc/IC-Mafia-Bot/.venv/lib/python3.13/site-packages/discord/ext/commands/core.py", line 1021, in invoke
    await self.prepare(ctx)
  File "/home/opc/IC-Mafia-Bot/.venv/lib/python3.13/site-packages/discord/ext/commands/core.py", line 925, in prepare
    if not await self.can_run(ctx):
           ^^^^^^^^^^^^^^^^^^^^^^^
  File "/home/opc/IC-Mafia-Bot/.venv/lib/python3.13/site-packages/discord/ext/commands/core.py", line 1288, in can_run
    return await discord.utils.async_all(predicate(ctx) for predicate in predicates)  # type: ignore
           ^^^^^^^^^^^^^^^^^^^^^^^^^^^^^^^^^^^^^^^^^^^^^^^^^^^^^^^^^^^^^^^^^^^^^^^^^
  File "/home/opc/IC-Mafia-Bot/.venv/lib/python3.13/site-packages/discord/utils.py", line 725, in async_all
    for elem in gen:
                ^^^
  File "/home/opc/IC-Mafia-Bot/.venv/lib/python3.13/site-packages/discord/ext/commands/core.py", line 1288, in <genexpr>
    return await discord.utils.async_all(predicate(ctx) for predicate in predicates)  # type: ignore
                                         ~~~~~~~~~^^^^^
  File "/home/opc/IC-Mafia-Bot/.venv/lib/python3.13/site-packages/discord/ext/commands/core.py", line 2051, in predicate
    raise MissingRole(item)
discord.ext.commands.errors.MissingRole: Role 1322336444366454895 is required to run this command.
[2025-06-21 09:50:24] [INFO    ] discord - gameprocess:2437: DEBUG: Counting votes...
[2025-06-21 09:50:24] [INFO    ] discord - save_json_data:185: DEBUG: Data saved to stats/alpha_testing/20250621-093000/20250621-093000_Lynch_Data.json
[2025-06-21 09:50:26] [INFO    ] discord - update_player_discord_roles:285: INFO: Living = 1322336366796996789, dead = 1322336409926762586, spectator = 1322335985702277151
[2025-06-21 09:50:26] [ERROR   ] discord - update_player_discord_roles:291: ERROR: Could not find 'Living Players', 'Dead Players', or 'Spectator' role.
[2025-06-21 09:50:27] [INFO    ] discord - gameprocess:2447: DEBUG: Checking win conditions
[2025-06-21 09:50:27] [INFO    ] discord - check_win_conditions:1077: No winner found
[2025-06-21 09:50:27] [INFO    ] discord - gameprocess:2459: DEBUG: Changed to night phase
[2025-06-21 09:50:27] [INFO    ] discord - gameprocess:2335: DEBUG: Starting Night - 2 which will last 0.1667 hours
[2025-06-21 09:50:27] [INFO    ] discord - gameprocess:2336: The town goes to sleep....
[2025-06-21 09:50:27] [INFO    ] discord - gameprocess:2340: DEBUG: Current time night ends = 2025-06-21 10:00:00.360000+00:00
[2025-06-21 09:50:27] [INFO    ] discord - generate_status_message:608: DEBUG: generate_status_message called
[2025-06-21 09:50:27] [INFO    ] discord - generate_status_message:609: The current phase is Night - 2
[2025-06-21 09:50:27] [INFO    ] discord - get_time_left_string:568: format_time_remaining has been called with end time = 2025-06-21 10:00:00.360000+00:00
[2025-06-21 09:50:27] [INFO    ] discord - get_time_left_string:585: Build return based on time left ==> 0, 0, 9, 32
[2025-06-21 09:50:28] [INFO    ] discord - get_specific_player_id:391: get_sepcific_player has been called for Godfather
[2025-06-21 09:50:28] [INFO    ] discord - gameprocess:2346: Sleeping....
[2025-06-21 09:50:50] [INFO    ] discord - get_player_id_by_name:373: DEBUG: get_player_id_by_name called
[2025-06-21 10:00:30] [INFO    ] discord - gameprocess:2349: DEBUG: Roleblockers
[2025-06-21 10:00:30] [INFO    ] discord - process_role_block:1170: process_role_block called
[2025-06-21 10:00:30] [INFO    ] discord - get_specific_player_id:391: get_sepcific_player has been called for Town Role Blocker
[2025-06-21 10:00:30] [INFO    ] discord - get_specific_player_id:391: get_sepcific_player has been called for Mob Role Blocker
[2025-06-21 10:00:30] [INFO    ] discord - gameprocess:2355: DEBUG: SK Kill
[2025-06-21 10:00:30] [INFO    ] discord - get_specific_player_id:391: get_sepcific_player has been called for Serial Killer
[2025-06-21 10:00:30] [ERROR   ] discord - process_sk_night_kill:1208: DEBUG: No living Serial Killer found. Skipping SK night kill process.
[2025-06-21 10:00:31] [INFO    ] discord - gameprocess:2362: DEBUG: Mob Kill
[2025-06-21 10:00:31] [INFO    ] discord - get_specific_player_id:391: get_sepcific_player has been called for Godfather
[2025-06-21 10:00:32] [INFO    ] discord - gameprocess:2369: DEBUG: Town Doc Heal
[2025-06-21 10:00:32] [INFO    ] discord - get_specific_player_id:391: get_sepcific_player has been called for Town Role Blocker
[2025-06-21 10:00:32] [INFO    ] discord - get_specific_player_id:391: get_sepcific_player has been called for Mob Role Blocker
[2025-06-21 10:00:32] [INFO    ] discord - get_specific_player_id:391: get_sepcific_player has been called for Town Doctor
[2025-06-21 10:00:34] [INFO    ] discord - gameprocess:2376: DEBUG: Town Cop Investigate
[2025-06-21 10:00:34] [INFO    ] discord - get_specific_player_id:391: get_sepcific_player has been called for Town Cop
[2025-06-21 10:00:34] [INFO    ] discord - get_specific_player_id:391: get_sepcific_player has been called for Town Role Blocker
[2025-06-21 10:00:34] [INFO    ] discord - get_specific_player_id:391: get_sepcific_player has been called for Mob Role Blocker
[2025-06-21 10:00:35] [INFO    ] discord - gameprocess:2383: DEBUG: All night actions done
[2025-06-21 10:00:35] [INFO    ] discord - update_player_discord_roles:285: INFO: Living = 1322336366796996789, dead = 1322336409926762586, spectator = 1322335985702277151
[2025-06-21 10:00:35] [ERROR   ] discord - update_player_discord_roles:291: ERROR: Could not find 'Living Players', 'Dead Players', or 'Spectator' role.
[2025-06-21 10:00:35] [INFO    ] discord - gameprocess:2386: DEBUG: Discord roles now updated
[2025-06-21 10:00:36] [INFO    ] discord - gameprocess:2388: DEBUG: Checking winner
[2025-06-21 10:00:36] [INFO    ] discord - check_win_conditions:1077: No winner found
[2025-06-21 10:00:36] [INFO    ] discord - gameprocess:2390: Winner is None
[2025-06-21 10:00:36] [INFO    ] discord - gameprocess:2402: DEBUG: End of night phase, about to switch to day phase
[2025-06-21 10:00:36] [INFO    ] discord - gameprocess:2413: DEBUG: Day - 2 has dawned which will last 0.1667 hours.
The town awakens...
[2025-06-21 10:00:37] [INFO    ] discord - gameprocess:2420: The current UTC time is 2025-06-21 10:00:37.017360+00:00
[2025-06-21 10:00:37] [INFO    ] discord - gameprocess:2422: DEBUG: Current time day ends = 2025-06-21 10:10:00.480000+00:00
[2025-06-21 10:00:38] [INFO    ] discord - gameprocess:2424: DEBUG: Generate and send status message
[2025-06-21 10:00:38] [INFO    ] discord - generate_status_message:608: DEBUG: generate_status_message called
[2025-06-21 10:00:38] [INFO    ] discord - generate_status_message:609: The current phase is Day - 2
[2025-06-21 10:00:38] [INFO    ] discord - get_time_left_string:568: format_time_remaining has been called with end time = 2025-06-21 10:10:00.480000+00:00
[2025-06-21 10:00:38] [INFO    ] discord - get_time_left_string:585: Build return based on time left ==> 0, 0, 9, 22
[2025-06-21 10:00:38] [INFO    ] discord - gameprocess:2428: working....
