  File "/home/opc/IC-Mafia-Bot/bot.py", line 390
    logger.debug(f"Player Name = {player_data["display_name"]} returns role {player_data["role"].name}")
                                               ^
SyntaxError: f-string: unmatched '['
  File "/home/opc/IC-Mafia-Bot/bot.py", line 390
    logger.debug(f"Player Name = {player_data["display_name"]} returns role {player_data["role"].name}")
                                               ^
SyntaxError: f-string: unmatched '['
[2025-06-03 11:02:22] [INFO    ] discord - <module>:70: This is an info message.
[2025-06-03 11:02:22] [WARNING ] discord - <module>:71: This is a warning message.
[2025-06-03 11:02:22] [ERROR   ] discord - <module>:72: This is an error message.
[2025-06-03 11:02:22] [CRITICAL] discord - <module>:73: This is a critical message.
[2025-06-03 11:02:22] [INFO    ] discord.client - login:643: logging in using static token
[2025-06-03 11:02:23] [INFO    ] discord.gateway - received_message:562: Shard ID None has connected to Gateway (Session ID: d379612d87ff6a27f2bb4e14b5b3a420).
[2025-06-03 11:02:25] [CRITICAL] discord - on_ready:1526: Logged in as IC Mafia Bot (BETA)
[2025-06-03 11:03:09] [INFO    ] discord - reset_game:629: DEBUG: reset_game() called
[2025-06-03 11:03:09] [INFO    ] discord - start_game:1553: DEBUG: Time signups end => 2025-06-04 06:00:00+00:00
[2025-06-03 11:03:09] [INFO    ] discord - start_game:1569: DEBUG: New game started with join hours 18.95
[2025-06-03 11:03:10] [INFO    ] discord - start_game:1588: DEBUG: Timestamp: 2025-06-03 11:03:10.942887+00:00 -  Game Started == True
[2025-06-03 11:03:16] [ERROR   ] discord - update_player_discord_roles:288: ERROR: Could not find 'Living Players', 'Dead Players', or 'Spectator' role.
[2025-06-03 11:03:16] [INFO    ] discord - join_game:1633: DEBUG: Player joined: .you_fool (ID: 225405842235719680).
[2025-06-03 11:03:26] [ERROR   ] discord - update_player_discord_roles:288: ERROR: Could not find 'Living Players', 'Dead Players', or 'Spectator' role.
[2025-06-03 11:03:26] [INFO    ] discord - join_game:1633: DEBUG: Player joined: pandabbear (ID: 220142891027136512).
[2025-06-03 11:03:46] [INFO    ] discord - generate_status_message:540: DEBUG: generate_status_message called
[2025-06-03 11:03:46] [INFO    ] discord - generate_status_message:541: The current phase is  - 0
[2025-06-03 11:03:46] [INFO    ] discord - get_time_left_string:500: format_time_remaining has been called with end time = 2025-06-04 06:00:00+00:00
[2025-06-03 11:03:46] [INFO    ] discord - get_time_left_string:517: Build return based on time left ==> 0, 18, 56, 13
[2025-06-03 11:03:46] [INFO    ] discord - generate_status_message:553: DEBUG: Status message generated during setup with 18 hours and 56 minutes
[2025-06-03 11:03:46] [INFO    ] discord - status:1701: /Status called and info sent to channel
[2025-06-03 11:04:27] [CRITICAL] discord - stop_game:1673: Cannot end game during sign up phase
[2025-06-03 11:09:29] [INFO    ] discord - <module>:70: This is an info message.
[2025-06-03 11:09:29] [WARNING ] discord - <module>:71: This is a warning message.
[2025-06-03 11:09:29] [ERROR   ] discord - <module>:72: This is an error message.
[2025-06-03 11:09:29] [CRITICAL] discord - <module>:73: This is a critical message.
[2025-06-03 11:09:29] [INFO    ] discord.client - login:643: logging in using static token
[2025-06-03 11:09:30] [INFO    ] discord.gateway - received_message:562: Shard ID None has connected to Gateway (Session ID: a021a7ee06a12f4794ac441ea6949054).
[2025-06-03 11:09:32] [CRITICAL] discord - on_ready:1526: Logged in as IC Mafia Bot (BETA)
[2025-06-03 11:09:59] [INFO    ] discord - reset_game:629: DEBUG: reset_game() called
[2025-06-03 11:09:59] [INFO    ] discord - start_game:1553: DEBUG: Time signups end => 2025-06-04 06:00:00+00:00
[2025-06-03 11:09:59] [INFO    ] discord - start_game:1569: DEBUG: New game started with join hours 18.83
[2025-06-03 11:10:00] [INFO    ] discord - start_game:1588: DEBUG: Timestamp: 2025-06-03 11:10:00.945620+00:00 -  Game Started == True
[2025-06-03 11:10:04] [ERROR   ] discord - update_player_discord_roles:288: ERROR: Could not find 'Living Players', 'Dead Players', or 'Spectator' role.
[2025-06-03 11:10:04] [INFO    ] discord - join_game:1633: DEBUG: Player joined: .you_fool (ID: 225405842235719680).
[2025-06-03 11:17:15] [INFO    ] discord - <module>:70: This is an info message.
[2025-06-03 11:17:15] [WARNING ] discord - <module>:71: This is a warning message.
[2025-06-03 11:17:15] [ERROR   ] discord - <module>:72: This is an error message.
[2025-06-03 11:17:15] [CRITICAL] discord - <module>:73: This is a critical message.
[2025-06-03 11:17:15] [INFO    ] discord.client - login:643: logging in using static token
[2025-06-03 11:17:17] [INFO    ] discord.gateway - received_message:562: Shard ID None has connected to Gateway (Session ID: 85e0e742fe8ca84187454e3fabe603fe).
[2025-06-03 11:17:19] [CRITICAL] discord - on_ready:1527: Logged in as IC Mafia Bot (BETA)
[2025-06-03 11:18:52] [INFO    ] discord - reset_game:630: DEBUG: reset_game() called
[2025-06-03 11:18:52] [INFO    ] discord - start_game:1554: DEBUG: Time signups end => 2025-06-04 06:00:00+00:00
[2025-06-03 11:18:52] [INFO    ] discord - start_game:1570: DEBUG: New game started with join hours 18.69
[2025-06-03 11:18:53] [INFO    ] discord - start_game:1589: DEBUG: Timestamp: 2025-06-03 11:18:53.165770+00:00 -  Game Started == True
[2025-06-03 11:19:00] [INFO    ] discord - update_player_discord_roles:283: INFO: Living = 1333019862754263053, dead = 133301986275463052, spectator = 1333019862754263051
[2025-06-03 11:19:00] [ERROR   ] discord - update_player_discord_roles:289: ERROR: Could not find 'Living Players', 'Dead Players', or 'Spectator' role.
[2025-06-03 11:19:00] [INFO    ] discord - join_game:1634: DEBUG: Player joined: .you_fool (ID: 225405842235719680).
[2025-06-03 11:19:30] [INFO    ] discord - update_player_discord_roles:283: INFO: Living = 1333019862754263053, dead = 133301986275463052, spectator = 1333019862754263051
[2025-06-03 11:19:30] [ERROR   ] discord - update_player_discord_roles:289: ERROR: Could not find 'Living Players', 'Dead Players', or 'Spectator' role.
[2025-06-03 11:19:30] [INFO    ] discord - join_game:1634: DEBUG: Player joined: lisamafia (ID: 746540828432007225).
[2025-06-03 11:25:11] [INFO    ] discord - <module>:70: This is an info message.
[2025-06-03 11:25:11] [WARNING ] discord - <module>:71: This is a warning message.
[2025-06-03 11:25:11] [ERROR   ] discord - <module>:72: This is an error message.
[2025-06-03 11:25:11] [CRITICAL] discord - <module>:73: This is a critical message.
[2025-06-03 11:25:11] [INFO    ] discord.client - login:643: logging in using static token
[2025-06-03 11:25:13] [INFO    ] discord.gateway - received_message:562: Shard ID None has connected to Gateway (Session ID: 6f404065ad1fc1ea763b4c49c97a7937).
[2025-06-03 11:25:15] [CRITICAL] discord - on_ready:1527: Logged in as IC Mafia Bot (BETA)
[2025-06-03 11:27:06] [INFO    ] discord - reset_game:630: DEBUG: reset_game() called
[2025-06-03 11:27:06] [INFO    ] discord - start_game:1554: DEBUG: Time signups end => 2025-06-04 06:00:00+00:00
[2025-06-03 11:27:06] [INFO    ] discord - start_game:1570: DEBUG: New game started with join hours 18.55
[2025-06-03 11:27:07] [INFO    ] discord - start_game:1589: DEBUG: Timestamp: 2025-06-03 11:27:07.770411+00:00 -  Game Started == True
[2025-06-03 11:27:12] [INFO    ] discord - update_player_discord_roles:283: INFO: Living = 1333019862754263053, dead = 1333019862754263052, spectator = 1333019862754263051
[2025-06-03 11:27:12] [INFO    ] discord - join_game:1634: DEBUG: Player joined: .you_fool (ID: 225405842235719680).
[2025-06-03 11:27:57] [INFO    ] discord - generate_status_message:541: DEBUG: generate_status_message called
[2025-06-03 11:27:57] [INFO    ] discord - generate_status_message:542: The current phase is  - 0
[2025-06-03 11:27:57] [INFO    ] discord - get_time_left_string:501: format_time_remaining has been called with end time = 2025-06-04 06:00:00+00:00
[2025-06-03 11:27:57] [INFO    ] discord - get_time_left_string:518: Build return based on time left ==> 0, 18, 32, 2
[2025-06-03 11:27:57] [INFO    ] discord - generate_status_message:554: DEBUG: Status message generated during setup with 18 hours and 32 minutes
[2025-06-03 11:27:57] [INFO    ] discord - status:1702: /Status called and info sent to channel
[2025-06-03 11:28:40] [INFO    ] discord - update_player_discord_roles:283: INFO: Living = 1333019862754263053, dead = 1333019862754263052, spectator = 1333019862754263051
[2025-06-03 11:28:41] [INFO    ] discord - join_game:1634: DEBUG: Player joined: lisamafia (ID: 746540828432007225).
[2025-06-03 11:28:55] [INFO    ] discord - generate_status_message:541: DEBUG: generate_status_message called
[2025-06-03 11:28:55] [INFO    ] discord - generate_status_message:542: The current phase is  - 0
[2025-06-03 11:28:55] [INFO    ] discord - get_time_left_string:501: format_time_remaining has been called with end time = 2025-06-04 06:00:00+00:00
[2025-06-03 11:28:55] [INFO    ] discord - get_time_left_string:518: Build return based on time left ==> 0, 18, 31, 4
[2025-06-03 11:28:55] [INFO    ] discord - generate_status_message:554: DEBUG: Status message generated during setup with 18 hours and 31 minutes
[2025-06-03 11:28:56] [INFO    ] discord - status:1702: /Status called and info sent to channel
[2025-06-03 11:34:25] [INFO    ] discord - update_player_discord_roles:283: INFO: Living = 1333019862754263053, dead = 1333019862754263052, spectator = 1333019862754263051
[2025-06-03 11:34:26] [INFO    ] discord - join_game:1634: DEBUG: Player joined: squatchosaurusrex (ID: 377879725894533121).
[2025-06-03 11:42:07] [INFO    ] discord - update_player_discord_roles:283: INFO: Living = 1333019862754263053, dead = 1333019862754263052, spectator = 1333019862754263051
[2025-06-03 11:42:08] [INFO    ] discord - join_game:1634: DEBUG: Player joined: mrblonde3442 (ID: 479362336264683520).
[2025-06-03 12:17:01] [INFO    ] discord.gateway - received_message:567: Shard ID None has successfully RESUMED session 6f404065ad1fc1ea763b4c49c97a7937.
[2025-06-03 15:30:53] [INFO    ] discord.gateway - received_message:567: Shard ID None has successfully RESUMED session 6f404065ad1fc1ea763b4c49c97a7937.
[2025-06-03 16:22:06] [INFO    ] discord.gateway - received_message:567: Shard ID None has successfully RESUMED session 6f404065ad1fc1ea763b4c49c97a7937.
[2025-06-03 17:18:03] [INFO    ] discord - generate_status_message:541: DEBUG: generate_status_message called
[2025-06-03 17:18:03] [INFO    ] discord - generate_status_message:542: The current phase is  - 0
[2025-06-03 17:18:03] [INFO    ] discord - get_time_left_string:501: format_time_remaining has been called with end time = 2025-06-04 06:00:00+00:00
[2025-06-03 17:18:03] [INFO    ] discord - get_time_left_string:518: Build return based on time left ==> 0, 12, 41, 56
[2025-06-03 17:18:03] [INFO    ] discord - generate_status_message:554: DEBUG: Status message generated during setup with 12 hours and 41 minutes
[2025-06-03 17:18:04] [INFO    ] discord - status:1702: /Status called and info sent to channel
[2025-06-03 18:19:13] [INFO    ] discord.gateway - received_message:567: Shard ID None has successfully RESUMED session 6f404065ad1fc1ea763b4c49c97a7937.
[2025-06-03 19:06:46] [INFO    ] discord.gateway - received_message:567: Shard ID None has successfully RESUMED session 6f404065ad1fc1ea763b4c49c97a7937.
[2025-06-03 19:22:32] [INFO    ] discord - update_player_discord_roles:283: INFO: Living = 1333019862754263053, dead = 1333019862754263052, spectator = 1333019862754263051
[2025-06-03 19:22:33] [INFO    ] discord - join_game:1634: DEBUG: Player joined: pandabbear (ID: 220142891027136512).
[2025-06-03 20:53:21] [INFO    ] discord.gateway - received_message:567: Shard ID None has successfully RESUMED session 6f404065ad1fc1ea763b4c49c97a7937.
[2025-06-03 22:47:30] [INFO    ] discord.gateway - received_message:567: Shard ID None has successfully RESUMED session 6f404065ad1fc1ea763b4c49c97a7937.
[2025-06-04 01:01:34] [INFO    ] discord.gateway - received_message:567: Shard ID None has successfully RESUMED session 6f404065ad1fc1ea763b4c49c97a7937.
[2025-06-04 03:39:15] [INFO    ] discord.gateway - received_message:567: Shard ID None has successfully RESUMED session 6f404065ad1fc1ea763b4c49c97a7937.
[2025-06-04 04:45:55] [INFO    ] discord.gateway - received_message:567: Shard ID None has successfully RESUMED session 6f404065ad1fc1ea763b4c49c97a7937.
[2025-06-04 05:13:05] [INFO    ] discord.gateway - received_message:567: Shard ID None has successfully RESUMED session 6f404065ad1fc1ea763b4c49c97a7937.
[2025-06-04 06:00:00] [INFO    ] discord - start_game:1592: DEBUG: Timestamp: 2025-06-04 06:00:00.018446+00:00 - game started = True so prepare game start
[2025-06-04 06:00:00] [INFO    ] discord - prepare_game_start:649: prepare_game_start called
[2025-06-04 06:00:00] [INFO    ] discord - prepare_game_start:651: Game ID generated = 20250604-060000
[2025-06-04 06:00:00] [INFO    ] discord - prepare_game_start:676: DEBUG: Game created with game_id = 20250604-060000
[2025-06-04 06:00:00] [INFO    ] discord - save_json_data:183: DEBUG: Data saved to stats/alpha_testing/20250604-060000/game_20250604-060000.json
[2025-06-04 06:00:00] [INFO    ] discord - prepare_game_start:681: DEBUG: Stat files created... assigning 5 roles...
[2025-06-04 06:00:00] [INFO    ] discord - generate_game_roles:488: Game Roles Created
[2025-06-04 06:00:00] [INFO    ] discord - send_role_dm:398: DEBUG: Player ID = 377879725894533121 Ready to send role
[2025-06-04 06:00:11] [INFO    ] discord - send_role_dm:398: DEBUG: Player ID = 479362336264683520 Ready to send role
[2025-06-04 06:00:22] [INFO    ] discord - send_role_dm:398: DEBUG: Player ID = 746540828432007225 Ready to send role
[2025-06-04 06:00:33] [INFO    ] discord - send_role_dm:398: DEBUG: Player ID = 225405842235719680 Ready to send role
[2025-06-04 06:00:45] [INFO    ] discord - send_role_dm:398: DEBUG: Player ID = 220142891027136512 Ready to send role
[2025-06-04 06:00:56] [INFO    ] discord - prepare_game_start:686: DEBUG: Roles assigned
[2025-06-04 06:00:56] [INFO    ] discord - list_assigned_roles:606: list_assinged_roles called
[2025-06-04 06:00:57] [INFO    ] discord - prepare_game_start:697: DEBUG: Sending DM to all mafia players
[2025-06-04 06:00:57] [INFO    ] discord - send_mafia_info_dm:415: DEBUG: Calling send_mafia_info_dm
[2025-06-04 06:01:08] [ERROR   ] discord - prepare_game_start:707: gameprocess was running... now stopping
[2025-06-04 06:01:08] [ERROR   ] discord - prepare_game_start:710: After stopping, starting game process in Night
[2025-06-04 06:01:08] [INFO    ] discord - gameprocess:2234: DEBUG: Starting Night - 1 which will last 12.0 hours
[2025-06-04 06:01:08] [INFO    ] discord - gameprocess:2235: The town goes to sleep....
[2025-06-04 06:01:08] [INFO    ] discord - gameprocess:2239: DEBUG: Current time night ends = 2025-06-04 18:00:00+00:00
[2025-06-04 06:01:08] [INFO    ] discord - generate_status_message:541: DEBUG: generate_status_message called
[2025-06-04 06:01:08] [INFO    ] discord - generate_status_message:542: The current phase is Night - 1
[2025-06-04 06:01:08] [INFO    ] discord - get_time_left_string:501: format_time_remaining has been called with end time = 2025-06-04 18:00:00+00:00
[2025-06-04 06:01:08] [INFO    ] discord - get_time_left_string:518: Build return based on time left ==> 0, 11, 58, 51
[2025-06-04 06:01:09] [INFO    ] discord - get_specific_player_id:389: get_sepcific_player has been called for Godfather
[2025-06-04 06:01:09] [INFO    ] discord - gameprocess:2245: Sleeping....
[2025-06-04 06:03:51] [INFO    ] discord - get_player_id_by_name:371: DEBUG: get_player_id_by_name called
[2025-06-04 06:16:01] [INFO    ] discord.gateway - received_message:567: Shard ID None has successfully RESUMED session 6f404065ad1fc1ea763b4c49c97a7937.
[2025-06-04 07:29:18] [INFO    ] discord - generate_status_message:541: DEBUG: generate_status_message called
[2025-06-04 07:29:18] [INFO    ] discord - generate_status_message:542: The current phase is Night - 1
[2025-06-04 07:29:18] [INFO    ] discord - get_time_left_string:501: format_time_remaining has been called with end time = 2025-06-04 18:00:00+00:00
[2025-06-04 07:29:18] [INFO    ] discord - get_time_left_string:518: Build return based on time left ==> 0, 10, 30, 41
[2025-06-04 07:29:19] [INFO    ] discord - status:1702: /Status called and info sent to channel
[2025-06-04 07:34:03] [INFO    ] discord.gateway - received_message:567: Shard ID None has successfully RESUMED session 6f404065ad1fc1ea763b4c49c97a7937.
[2025-06-04 09:47:28] [INFO    ] discord - get_player_id_by_name:371: DEBUG: get_player_id_by_name called
[2025-06-04 09:47:29] [ERROR   ] discord - kill_command:1802: Player 377879725894533121 used /kill but target_id could not be found
[2025-06-04 09:47:54] [INFO    ] discord - get_player_id_by_name:371: DEBUG: get_player_id_by_name called
[2025-06-04 09:47:55] [ERROR   ] discord - kill_command:1802: Player 377879725894533121 used /kill but target_id could not be found
[2025-06-04 09:48:07] [INFO    ] discord - get_player_id_by_name:371: DEBUG: get_player_id_by_name called
[2025-06-04 10:06:00] [INFO    ] discord - generate_status_message:541: DEBUG: generate_status_message called
[2025-06-04 10:06:00] [INFO    ] discord - generate_status_message:542: The current phase is Night - 1
[2025-06-04 10:06:00] [INFO    ] discord - get_time_left_string:501: format_time_remaining has been called with end time = 2025-06-04 18:00:00+00:00
[2025-06-04 10:06:00] [INFO    ] discord - get_time_left_string:518: Build return based on time left ==> 0, 7, 53, 59
[2025-06-04 10:06:01] [INFO    ] discord - status:1702: /Status called and info sent to channel
[2025-06-04 10:51:35] [INFO    ] discord.gateway - received_message:567: Shard ID None has successfully RESUMED session 6f404065ad1fc1ea763b4c49c97a7937.
[2025-06-04 11:14:08] [INFO    ] discord.gateway - received_message:567: Shard ID None has successfully RESUMED session 6f404065ad1fc1ea763b4c49c97a7937.
[2025-06-04 11:15:32] [INFO    ] discord.gateway - received_message:567: Shard ID None has successfully RESUMED session 6f404065ad1fc1ea763b4c49c97a7937.
[2025-06-04 11:16:56] [INFO    ] discord.gateway - received_message:567: Shard ID None has successfully RESUMED session 6f404065ad1fc1ea763b4c49c97a7937.
[2025-06-04 14:12:27] [INFO    ] discord.gateway - received_message:567: Shard ID None has successfully RESUMED session 6f404065ad1fc1ea763b4c49c97a7937.
[2025-06-04 14:18:06] [INFO    ] discord.gateway - received_message:567: Shard ID None has successfully RESUMED session 6f404065ad1fc1ea763b4c49c97a7937.
[2025-06-04 14:37:26] [INFO    ] discord.gateway - received_message:567: Shard ID None has successfully RESUMED session 6f404065ad1fc1ea763b4c49c97a7937.
[2025-06-04 16:12:42] [INFO    ] discord.gateway - received_message:567: Shard ID None has successfully RESUMED session 6f404065ad1fc1ea763b4c49c97a7937.
[2025-06-04 17:20:36] [INFO    ] discord.gateway - received_message:567: Shard ID None has successfully RESUMED session 6f404065ad1fc1ea763b4c49c97a7937.
[2025-06-04 18:01:19] [INFO    ] discord - gameprocess:2248: DEBUG: Roleblockers
[2025-06-04 18:01:19] [INFO    ] discord - process_role_block:1098: process_role_block called
[2025-06-04 18:01:19] [INFO    ] discord - get_specific_player_id:389: get_sepcific_player has been called for Town Role Blocker
[2025-06-04 18:01:19] [INFO    ] discord - get_specific_player_id:389: get_sepcific_player has been called for Mob Role Blocker
[2025-06-04 18:01:19] [INFO    ] discord - gameprocess:2254: DEBUG: SK Kill
[2025-06-04 18:01:19] [INFO    ] discord - get_specific_player_id:389: get_sepcific_player has been called for Serial Killer
[2025-06-04 18:01:19] [ERROR   ] discord - process_sk_night_kill:1136: DEBUG: No living Serial Killer found. Skipping SK night kill process.
[2025-06-04 18:01:29] [INFO    ] discord - gameprocess:2261: DEBUG: Mob Kill
[2025-06-04 18:01:29] [INFO    ] discord - get_specific_player_id:389: get_sepcific_player has been called for Godfather
[2025-06-04 18:01:40] [INFO    ] discord - gameprocess:2268: DEBUG: Town Doc Heal
[2025-06-04 18:01:40] [INFO    ] discord - get_specific_player_id:389: get_sepcific_player has been called for Town Role Blocker
[2025-06-04 18:01:40] [INFO    ] discord - get_specific_player_id:389: get_sepcific_player has been called for Mob Role Blocker
[2025-06-04 18:01:40] [INFO    ] discord - get_specific_player_id:389: get_sepcific_player has been called for Town Doctor
[2025-06-04 18:01:50] [INFO    ] discord - gameprocess:2275: DEBUG: Town Cop Investigate
[2025-06-04 18:01:50] [INFO    ] discord - get_specific_player_id:389: get_sepcific_player has been called for Town Cop
[2025-06-04 18:01:50] [INFO    ] discord - get_specific_player_id:389: get_sepcific_player has been called for Town Role Blocker
[2025-06-04 18:01:50] [INFO    ] discord - get_specific_player_id:389: get_sepcific_player has been called for Mob Role Blocker
[2025-06-04 18:02:00] [INFO    ] discord - gameprocess:2282: DEBUG: All night actions done
[2025-06-04 18:02:00] [INFO    ] discord - update_player_discord_roles:283: INFO: Living = 1333019862754263053, dead = 1333019862754263052, spectator = 1333019862754263051
[2025-06-04 18:02:01] [INFO    ] discord - gameprocess:2285: DEBUG: Discord roles now updated
[2025-06-04 18:02:11] [INFO    ] discord - gameprocess:2287: DEBUG: Checking winner
[2025-06-04 18:02:11] [INFO    ] discord - check_win_conditions:1005: No winner found
[2025-06-04 18:02:11] [INFO    ] discord - gameprocess:2289: Winner is None
[2025-06-04 18:02:11] [INFO    ] discord - gameprocess:2301: DEBUG: End of night phase, about to switch to day phase
[2025-06-04 18:02:11] [INFO    ] discord - gameprocess:2312: DEBUG: Day - 1 has dawned which will last 12.0 hours.
The town awakens...
[2025-06-04 18:02:11] [INFO    ] discord - gameprocess:2319: The current UTC time is 2025-06-04 18:02:11.928810+00:00
[2025-06-04 18:02:11] [INFO    ] discord - gameprocess:2321: DEBUG: Current time day ends = 2025-06-05 06:00:00+00:00
[2025-06-04 18:02:21] [INFO    ] discord - gameprocess:2323: DEBUG: Generate and send status message
[2025-06-04 18:02:21] [INFO    ] discord - generate_status_message:541: DEBUG: generate_status_message called
[2025-06-04 18:02:21] [INFO    ] discord - generate_status_message:542: The current phase is Day - 1
[2025-06-04 18:02:21] [INFO    ] discord - get_time_left_string:501: format_time_remaining has been called with end time = 2025-06-05 06:00:00+00:00
[2025-06-04 18:02:21] [INFO    ] discord - get_time_left_string:518: Build return based on time left ==> 0, 11, 57, 38
[2025-06-04 18:02:22] [INFO    ] discord - gameprocess:2327: working....
[2025-06-04 18:02:28] [INFO    ] discord.gateway - received_message:567: Shard ID None has successfully RESUMED session 6f404065ad1fc1ea763b4c49c97a7937.
[2025-06-04 18:04:29] [INFO    ] discord - generate_status_message:541: DEBUG: generate_status_message called
[2025-06-04 18:04:29] [INFO    ] discord - generate_status_message:542: The current phase is Day - 1
[2025-06-04 18:04:29] [INFO    ] discord - get_time_left_string:501: format_time_remaining has been called with end time = 2025-06-05 06:00:00+00:00
[2025-06-04 18:04:29] [INFO    ] discord - get_time_left_string:518: Build return based on time left ==> 0, 11, 55, 30
[2025-06-04 18:04:30] [INFO    ] discord - status:1702: /Status called and info sent to channel
[2025-06-04 18:05:19] [INFO    ] discord - get_player_id_by_name:371: DEBUG: get_player_id_by_name called
[2025-06-04 18:05:19] [INFO    ] discord - process_lynch_vote:718: DEBUG: process_lynch_vote called
[2025-06-04 18:05:19] [INFO    ] discord - get_player_id_by_name:371: DEBUG: get_player_id_by_name called
[2025-06-04 18:05:20] [INFO    ] discord - send_vote_update:827: DEBUG: Send_vote_update called...
[2025-06-04 19:09:01] [INFO    ] discord - get_player_id_by_name:371: DEBUG: get_player_id_by_name called
[2025-06-04 19:09:01] [INFO    ] discord - process_lynch_vote:718: DEBUG: process_lynch_vote called
[2025-06-04 19:09:01] [INFO    ] discord - get_player_id_by_name:371: DEBUG: get_player_id_by_name called
[2025-06-04 19:09:01] [INFO    ] discord - send_vote_update:827: DEBUG: Send_vote_update called...
[2025-06-04 19:26:11] [INFO    ] discord - get_player_id_by_name:371: DEBUG: get_player_id_by_name called
[2025-06-04 19:26:11] [INFO    ] discord - process_lynch_vote:718: DEBUG: process_lynch_vote called
[2025-06-04 19:26:11] [INFO    ] discord - get_player_id_by_name:371: DEBUG: get_player_id_by_name called
[2025-06-04 19:26:12] [INFO    ] discord - send_vote_update:827: DEBUG: Send_vote_update called...
[2025-06-04 19:30:30] [INFO    ] discord - get_player_id_by_name:371: DEBUG: get_player_id_by_name called
[2025-06-04 19:30:30] [INFO    ] discord - process_lynch_vote:718: DEBUG: process_lynch_vote called
[2025-06-04 19:30:30] [INFO    ] discord - get_player_id_by_name:371: DEBUG: get_player_id_by_name called
[2025-06-04 19:30:31] [INFO    ] discord - send_vote_update:827: DEBUG: Send_vote_update called...
[2025-06-04 19:31:16] [INFO    ] discord - generate_status_message:541: DEBUG: generate_status_message called
[2025-06-04 19:31:16] [INFO    ] discord - generate_status_message:542: The current phase is Day - 1
[2025-06-04 19:31:16] [INFO    ] discord - get_time_left_string:501: format_time_remaining has been called with end time = 2025-06-05 06:00:00+00:00
[2025-06-04 19:31:16] [INFO    ] discord - get_time_left_string:518: Build return based on time left ==> 0, 10, 28, 43
[2025-06-04 19:31:16] [INFO    ] discord - status:1702: /Status called and info sent to channel
[2025-06-04 19:45:57] [INFO    ] discord - send_vote_update:827: DEBUG: Send_vote_update called...
[2025-06-04 19:45:57] [INFO    ] discord - count:1751: /count has been called
[2025-06-04 20:05:32] [INFO    ] discord.gateway - received_message:567: Shard ID None has successfully RESUMED session 6f404065ad1fc1ea763b4c49c97a7937.
[2025-06-04 22:06:18] [INFO    ] discord.gateway - received_message:567: Shard ID None has successfully RESUMED session 6f404065ad1fc1ea763b4c49c97a7937.
[2025-06-04 22:42:37] [INFO    ] discord.gateway - received_message:567: Shard ID None has successfully RESUMED session 6f404065ad1fc1ea763b4c49c97a7937.
[2025-06-04 23:34:58] [INFO    ] discord.gateway - received_message:567: Shard ID None has successfully RESUMED session 6f404065ad1fc1ea763b4c49c97a7937.
[2025-06-04 23:40:00] [INFO    ] discord.gateway - received_message:567: Shard ID None has successfully RESUMED session 6f404065ad1fc1ea763b4c49c97a7937.
[2025-06-05 00:27:31] [INFO    ] discord.gateway - received_message:567: Shard ID None has successfully RESUMED session 6f404065ad1fc1ea763b4c49c97a7937.
[2025-06-05 01:38:47] [INFO    ] discord.gateway - received_message:567: Shard ID None has successfully RESUMED session 6f404065ad1fc1ea763b4c49c97a7937.
[2025-06-05 01:59:06] [INFO    ] discord.gateway - received_message:567: Shard ID None has successfully RESUMED session 6f404065ad1fc1ea763b4c49c97a7937.
[2025-06-05 02:24:00] [INFO    ] discord.gateway - received_message:567: Shard ID None has successfully RESUMED session 6f404065ad1fc1ea763b4c49c97a7937.
[2025-06-05 03:47:50] [INFO    ] discord.gateway - received_message:567: Shard ID None has successfully RESUMED session 6f404065ad1fc1ea763b4c49c97a7937.
[2025-06-05 04:21:19] [INFO    ] discord.gateway - received_message:567: Shard ID None has successfully RESUMED session 6f404065ad1fc1ea763b4c49c97a7937.
[2025-06-05 06:02:22] [INFO    ] discord - kill_inactive_player:1481: Checking for inactive voters...
[2025-06-05 06:02:22] [INFO    ] discord - kill_inactive_player:1521: No inactive voters found.
[2025-06-05 06:02:32] [INFO    ] discord - gameprocess:2335: DEBUG: Counting votes...
[2025-06-05 06:02:32] [INFO    ] discord - countlynchvotes:764: Debug: Lynched Players => [225405842235719680]
[2025-06-05 06:02:32] [INFO    ] discord - countlynchvotes:764: Debug: Lynched Players => [225405842235719680, 220142891027136512]
[2025-06-05 06:02:33] [INFO    ] discord - save_json_data:183: DEBUG: Data saved to stats/alpha_testing/20250604-060000/20250604-060000_Lynch_Data.json
[2025-06-05 06:02:43] [INFO    ] discord - update_player_discord_roles:283: INFO: Living = 1333019862754263053, dead = 1333019862754263052, spectator = 1333019862754263051
[2025-06-05 06:02:55] [INFO    ] discord - gameprocess:2345: DEBUG: Checking win conditions
[2025-06-05 06:02:55] [INFO    ] discord - check_win_conditions:988: The game was won by Mob as only mob and 1 town alive at start of night - Mob will kill last town overnight
[2025-06-05 06:02:55] [INFO    ] discord - gameprocess:2348: We have a winner!
[2025-06-05 06:02:55] [INFO    ] discord - announce_winner:1013: Winning team = Mafia
[2025-06-05 06:03:28] [INFO    ] discord - save_json_data:183: DEBUG: Data saved to stats/alpha_testing/20250604-060000/20250604-060000_Game_Data.json
[2025-06-05 06:03:28] [INFO    ] discord - save_json_data:183: DEBUG: Data saved to stats/alpha_testing/20250604-060000/game_20250604-060000.json
[2025-06-05 06:03:28] [INFO    ] discord - generate_status_message:541: DEBUG: generate_status_message called
[2025-06-05 06:03:28] [INFO    ] discord - generate_status_message:542: The current phase is Day - 1
[2025-06-05 06:03:28] [INFO    ] discord - get_time_left_string:501: format_time_remaining has been called with end time = 2025-06-05 06:00:00+00:00
[2025-06-05 06:03:28] [INFO    ] discord - get_time_left_string:511: Time's up!
[2025-06-05 06:03:29] [INFO    ] discord - reset_game:630: DEBUG: reset_game() called
[2025-06-05 06:03:29] [INFO    ] discord - prepare_game_start:714: DEBUG: prepare_game_start finished
[2025-06-05 06:08:05] [INFO    ] discord.gateway - received_message:567: Shard ID None has successfully RESUMED session 6f404065ad1fc1ea763b4c49c97a7937.
[2025-06-05 09:05:09] [INFO    ] discord.gateway - received_message:567: Shard ID None has successfully RESUMED session 6f404065ad1fc1ea763b4c49c97a7937.
[2025-06-05 09:46:25] [INFO    ] discord - reset_game:630: DEBUG: reset_game() called
[2025-06-05 09:46:25] [ERROR   ] discord - start_game:1557: Invalid date/time format. Please use '%Y-%m-%d %H:%M' format in UTC.
[2025-06-05 09:46:25] [INFO    ] discord - reset_game:630: DEBUG: reset_game() called
[2025-06-05 09:46:38] [INFO    ] discord - reset_game:630: DEBUG: reset_game() called
[2025-06-05 09:46:38] [INFO    ] discord - start_game:1554: DEBUG: Time signups end => 2025-06-05 08:00:00+00:00
[2025-06-05 09:46:38] [ERROR   ] discord - start_game:1564: The provided start time is in the past. Please provide a future date and time.
[2025-06-05 09:46:38] [INFO    ] discord - reset_game:630: DEBUG: reset_game() called
[2025-06-05 09:46:52] [INFO    ] discord - reset_game:630: DEBUG: reset_game() called
[2025-06-05 09:46:53] [ERROR   ] discord - start_game:1557: Invalid date/time format. Please use '%Y-%m-%d %H:%M' format in UTC.
[2025-06-05 09:46:53] [INFO    ] discord - reset_game:630: DEBUG: reset_game() called
[2025-06-05 09:46:59] [INFO    ] discord - reset_game:630: DEBUG: reset_game() called
[2025-06-05 09:46:59] [INFO    ] discord - start_game:1554: DEBUG: Time signups end => 2025-06-05 20:00:00+00:00
[2025-06-05 09:46:59] [INFO    ] discord - start_game:1570: DEBUG: New game started with join hours 10.22
[2025-06-05 09:47:00] [INFO    ] discord - start_game:1589: DEBUG: Timestamp: 2025-06-05 09:47:00.765336+00:00 -  Game Started == True
[2025-06-05 09:47:08] [INFO    ] discord - update_player_discord_roles:283: INFO: Living = 1333019862754263053, dead = 1333019862754263052, spectator = 1333019862754263051
[2025-06-05 09:47:09] [INFO    ] discord - join_game:1634: DEBUG: Player joined: .you_fool (ID: 225405842235719680).
[2025-06-05 09:48:21] [INFO    ] discord - update_player_discord_roles:283: INFO: Living = 1333019862754263053, dead = 1333019862754263052, spectator = 1333019862754263051
[2025-06-05 09:48:21] [INFO    ] discord - join_game:1634: DEBUG: Player joined: lisamafia (ID: 746540828432007225).
[2025-06-05 09:48:52] [INFO    ] discord - update_player_discord_roles:283: INFO: Living = 1333019862754263053, dead = 1333019862754263052, spectator = 1333019862754263051
[2025-06-05 09:48:53] [INFO    ] discord - join_game:1634: DEBUG: Player joined: mrblonde3442 (ID: 479362336264683520).
[2025-06-05 09:52:08] [INFO    ] discord - update_player_discord_roles:283: INFO: Living = 1333019862754263053, dead = 1333019862754263052, spectator = 1333019862754263051
[2025-06-05 09:52:09] [INFO    ] discord - join_game:1634: DEBUG: Player joined: pandabbear (ID: 220142891027136512).
[2025-06-05 10:12:12] [INFO    ] discord - update_player_discord_roles:283: INFO: Living = 1333019862754263053, dead = 1333019862754263052, spectator = 1333019862754263051
[2025-06-05 10:12:13] [INFO    ] discord - join_game:1634: DEBUG: Player joined: squatchosaurusrex (ID: 377879725894533121).
[2025-06-05 10:24:15] [INFO    ] discord.gateway - received_message:567: Shard ID None has successfully RESUMED session 6f404065ad1fc1ea763b4c49c97a7937.
[2025-06-05 10:59:43] [INFO    ] discord.gateway - received_message:567: Shard ID None has successfully RESUMED session 6f404065ad1fc1ea763b4c49c97a7937.
[2025-06-05 11:12:20] [INFO    ] discord - update_player_discord_roles:283: INFO: Living = 1333019862754263053, dead = 1333019862754263052, spectator = 1333019862754263051
[2025-06-05 11:12:22] [INFO    ] discord - join_game:1634: DEBUG: Player joined: scriv88 (ID: 1039345137928646688).
[2025-06-05 12:30:47] [INFO    ] discord.gateway - received_message:567: Shard ID None has successfully RESUMED session 6f404065ad1fc1ea763b4c49c97a7937.
[2025-06-05 14:54:40] [INFO    ] discord.gateway - received_message:567: Shard ID None has successfully RESUMED session 6f404065ad1fc1ea763b4c49c97a7937.
[2025-06-05 16:47:50] [INFO    ] discord.gateway - received_message:567: Shard ID None has successfully RESUMED session 6f404065ad1fc1ea763b4c49c97a7937.
[2025-06-05 17:22:13] [INFO    ] discord - generate_status_message:541: DEBUG: generate_status_message called
[2025-06-05 17:22:13] [INFO    ] discord - generate_status_message:542: The current phase is  - 0
[2025-06-05 17:22:13] [INFO    ] discord - get_time_left_string:501: format_time_remaining has been called with end time = 2025-06-05 20:00:00+00:00
[2025-06-05 17:22:13] [INFO    ] discord - get_time_left_string:518: Build return based on time left ==> 0, 2, 37, 46
[2025-06-05 17:22:13] [INFO    ] discord - generate_status_message:554: DEBUG: Status message generated during setup with 2 hours and 37 minutes
[2025-06-05 17:22:14] [INFO    ] discord - status:1702: /Status called and info sent to channel
[2025-06-05 17:25:41] [INFO    ] discord.gateway - received_message:567: Shard ID None has successfully RESUMED session 6f404065ad1fc1ea763b4c49c97a7937.
[2025-06-05 17:43:49] [INFO    ] discord.gateway - received_message:567: Shard ID None has successfully RESUMED session 6f404065ad1fc1ea763b4c49c97a7937.
[2025-06-05 18:36:07] [INFO    ] discord.gateway - received_message:567: Shard ID None has successfully RESUMED session 6f404065ad1fc1ea763b4c49c97a7937.
[2025-06-05 20:00:00] [INFO    ] discord - start_game:1592: DEBUG: Timestamp: 2025-06-05 20:00:00.004058+00:00 - game started = True so prepare game start
[2025-06-05 20:00:00] [INFO    ] discord - prepare_game_start:649: prepare_game_start called
[2025-06-05 20:00:00] [INFO    ] discord - prepare_game_start:651: Game ID generated = 20250605-200000
[2025-06-05 20:00:00] [INFO    ] discord - prepare_game_start:676: DEBUG: Game created with game_id = 20250605-200000
[2025-06-05 20:00:00] [INFO    ] discord - save_json_data:183: DEBUG: Data saved to stats/alpha_testing/20250605-200000/game_20250605-200000.json
[2025-06-05 20:00:00] [INFO    ] discord - prepare_game_start:681: DEBUG: Stat files created... assigning 6 roles...
[2025-06-05 20:00:00] [INFO    ] discord - generate_game_roles:488: Game Roles Created
[2025-06-05 20:00:00] [INFO    ] discord - send_role_dm:398: DEBUG: Player ID = 220142891027136512 Ready to send role
[2025-06-05 20:00:11] [INFO    ] discord - send_role_dm:398: DEBUG: Player ID = 479362336264683520 Ready to send role
[2025-06-05 20:00:22] [INFO    ] discord - send_role_dm:398: DEBUG: Player ID = 1039345137928646688 Ready to send role
[2025-06-05 20:00:33] [INFO    ] discord - send_role_dm:398: DEBUG: Player ID = 377879725894533121 Ready to send role
[2025-06-05 20:00:44] [INFO    ] discord - send_role_dm:398: DEBUG: Player ID = 225405842235719680 Ready to send role
[2025-06-05 20:00:55] [INFO    ] discord - send_role_dm:398: DEBUG: Player ID = 746540828432007225 Ready to send role
[2025-06-05 20:01:06] [INFO    ] discord - prepare_game_start:686: DEBUG: Roles assigned
[2025-06-05 20:01:06] [INFO    ] discord - list_assigned_roles:606: list_assinged_roles called
[2025-06-05 20:01:07] [INFO    ] discord - prepare_game_start:697: DEBUG: Sending DM to all mafia players
[2025-06-05 20:01:07] [INFO    ] discord - send_mafia_info_dm:415: DEBUG: Calling send_mafia_info_dm
[2025-06-05 20:01:07] [INFO    ] discord - send_mafia_info_dm:426: Sent mafia list to all mafia alligned players
[2025-06-05 20:01:18] [INFO    ] discord - send_mafia_info_dm:426: Sent mafia list to all mafia alligned players
[2025-06-05 20:01:29] [ERROR   ] discord - prepare_game_start:707: gameprocess was running... now stopping
[2025-06-05 20:01:29] [ERROR   ] discord - prepare_game_start:710: After stopping, starting game process in Night
[2025-06-05 20:01:29] [INFO    ] discord - gameprocess:2234: DEBUG: Starting Night - 1 which will last 12.0 hours
[2025-06-05 20:01:29] [INFO    ] discord - gameprocess:2235: The town goes to sleep....
[2025-06-05 20:01:29] [INFO    ] discord - gameprocess:2239: DEBUG: Current time night ends = 2025-06-06 08:00:00+00:00
[2025-06-05 20:01:29] [INFO    ] discord - generate_status_message:541: DEBUG: generate_status_message called
[2025-06-05 20:01:29] [INFO    ] discord - generate_status_message:542: The current phase is Night - 1
[2025-06-05 20:01:29] [INFO    ] discord - get_time_left_string:501: format_time_remaining has been called with end time = 2025-06-06 08:00:00+00:00
[2025-06-05 20:01:29] [INFO    ] discord - get_time_left_string:518: Build return based on time left ==> 0, 11, 58, 30
[2025-06-05 20:01:29] [INFO    ] discord - get_specific_player_id:389: get_sepcific_player has been called for Godfather
[2025-06-05 20:01:29] [INFO    ] discord - gameprocess:2245: Sleeping....
[2025-06-05 20:06:05] [INFO    ] discord - get_player_id_by_name:371: DEBUG: get_player_id_by_name called
[2025-06-05 21:49:43] [INFO    ] discord.gateway - received_message:567: Shard ID None has successfully RESUMED session 6f404065ad1fc1ea763b4c49c97a7937.
[2025-06-05 23:52:39] [INFO    ] discord.gateway - received_message:567: Shard ID None has successfully RESUMED session 6f404065ad1fc1ea763b4c49c97a7937.
[2025-06-06 03:37:25] [INFO    ] discord.gateway - received_message:567: Shard ID None has successfully RESUMED session 6f404065ad1fc1ea763b4c49c97a7937.
[2025-06-06 04:09:52] [INFO    ] discord.gateway - received_message:567: Shard ID None has successfully RESUMED session 6f404065ad1fc1ea763b4c49c97a7937.
[2025-06-06 05:54:14] [INFO    ] discord - generate_status_message:541: DEBUG: generate_status_message called
[2025-06-06 05:54:14] [INFO    ] discord - generate_status_message:542: The current phase is Night - 1
[2025-06-06 05:54:14] [INFO    ] discord - get_time_left_string:501: format_time_remaining has been called with end time = 2025-06-06 08:00:00+00:00
[2025-06-06 05:54:14] [INFO    ] discord - get_time_left_string:518: Build return based on time left ==> 0, 2, 5, 45
[2025-06-06 05:54:14] [INFO    ] discord - status:1702: /Status called and info sent to channel
[2025-06-06 07:04:00] [INFO    ] discord.gateway - received_message:567: Shard ID None has successfully RESUMED session 6f404065ad1fc1ea763b4c49c97a7937.
[2025-06-06 08:01:39] [INFO    ] discord - gameprocess:2248: DEBUG: Roleblockers
[2025-06-06 08:01:39] [INFO    ] discord - process_role_block:1098: process_role_block called
[2025-06-06 08:01:39] [INFO    ] discord - get_specific_player_id:389: get_sepcific_player has been called for Town Role Blocker
[2025-06-06 08:01:39] [INFO    ] discord - get_specific_player_id:389: get_sepcific_player has been called for Mob Role Blocker
[2025-06-06 08:01:39] [INFO    ] discord - gameprocess:2254: DEBUG: SK Kill
[2025-06-06 08:01:39] [INFO    ] discord - get_specific_player_id:389: get_sepcific_player has been called for Serial Killer
[2025-06-06 08:01:39] [ERROR   ] discord - process_sk_night_kill:1136: DEBUG: No living Serial Killer found. Skipping SK night kill process.
[2025-06-06 08:01:49] [INFO    ] discord - gameprocess:2261: DEBUG: Mob Kill
[2025-06-06 08:01:49] [INFO    ] discord - get_specific_player_id:389: get_sepcific_player has been called for Godfather
[2025-06-06 08:02:00] [INFO    ] discord - gameprocess:2268: DEBUG: Town Doc Heal
[2025-06-06 08:02:00] [INFO    ] discord - get_specific_player_id:389: get_sepcific_player has been called for Town Role Blocker
[2025-06-06 08:02:00] [INFO    ] discord - get_specific_player_id:389: get_sepcific_player has been called for Mob Role Blocker
[2025-06-06 08:02:00] [INFO    ] discord - get_specific_player_id:389: get_sepcific_player has been called for Town Doctor
[2025-06-06 08:02:11] [INFO    ] discord - gameprocess:2275: DEBUG: Town Cop Investigate
[2025-06-06 08:02:11] [INFO    ] discord - get_specific_player_id:389: get_sepcific_player has been called for Town Cop
[2025-06-06 08:02:11] [INFO    ] discord - get_specific_player_id:389: get_sepcific_player has been called for Town Role Blocker
[2025-06-06 08:02:11] [INFO    ] discord - get_specific_player_id:389: get_sepcific_player has been called for Mob Role Blocker
[2025-06-06 08:02:21] [INFO    ] discord - gameprocess:2282: DEBUG: All night actions done
[2025-06-06 08:02:21] [INFO    ] discord - update_player_discord_roles:283: INFO: Living = 1333019862754263053, dead = 1333019862754263052, spectator = 1333019862754263051
[2025-06-06 08:02:22] [INFO    ] discord - gameprocess:2285: DEBUG: Discord roles now updated
[2025-06-06 08:02:32] [INFO    ] discord - gameprocess:2287: DEBUG: Checking winner
[2025-06-06 08:02:32] [INFO    ] discord - check_win_conditions:1005: No winner found
[2025-06-06 08:02:32] [INFO    ] discord - gameprocess:2289: Winner is None
[2025-06-06 08:02:32] [INFO    ] discord - gameprocess:2301: DEBUG: End of night phase, about to switch to day phase
[2025-06-06 08:02:32] [INFO    ] discord - gameprocess:2312: DEBUG: Day - 1 has dawned which will last 12.0 hours.
The town awakens...
[2025-06-06 08:02:32] [INFO    ] discord - gameprocess:2319: The current UTC time is 2025-06-06 08:02:32.420829+00:00
[2025-06-06 08:02:32] [INFO    ] discord - gameprocess:2321: DEBUG: Current time day ends = 2025-06-06 20:00:00+00:00
[2025-06-06 08:02:42] [INFO    ] discord - gameprocess:2323: DEBUG: Generate and send status message
[2025-06-06 08:02:42] [INFO    ] discord - generate_status_message:541: DEBUG: generate_status_message called
[2025-06-06 08:02:42] [INFO    ] discord - generate_status_message:542: The current phase is Day - 1
[2025-06-06 08:02:42] [INFO    ] discord - get_time_left_string:501: format_time_remaining has been called with end time = 2025-06-06 20:00:00+00:00
[2025-06-06 08:02:42] [INFO    ] discord - get_time_left_string:518: Build return based on time left ==> 0, 11, 57, 17
[2025-06-06 08:02:42] [INFO    ] discord - gameprocess:2327: working....
[2025-06-06 08:22:56] [INFO    ] discord - get_player_id_by_name:371: DEBUG: get_player_id_by_name called
[2025-06-06 08:22:56] [INFO    ] discord - process_lynch_vote:718: DEBUG: process_lynch_vote called
[2025-06-06 08:22:56] [INFO    ] discord - get_player_id_by_name:371: DEBUG: get_player_id_by_name called
[2025-06-06 08:22:57] [INFO    ] discord - send_vote_update:827: DEBUG: Send_vote_update called...
[2025-06-06 08:30:02] [INFO    ] discord - get_player_id_by_name:371: DEBUG: get_player_id_by_name called
[2025-06-06 08:30:02] [INFO    ] discord - process_lynch_vote:718: DEBUG: process_lynch_vote called
[2025-06-06 08:30:02] [INFO    ] discord - get_player_id_by_name:371: DEBUG: get_player_id_by_name called
[2025-06-06 08:30:03] [INFO    ] discord - send_vote_update:827: DEBUG: Send_vote_update called...
[2025-06-06 08:50:17] [INFO    ] discord - get_player_id_by_name:371: DEBUG: get_player_id_by_name called
[2025-06-06 08:50:17] [INFO    ] discord - process_lynch_vote:718: DEBUG: process_lynch_vote called
[2025-06-06 08:50:17] [INFO    ] discord - get_player_id_by_name:371: DEBUG: get_player_id_by_name called
[2025-06-06 08:50:17] [INFO    ] discord - send_vote_update:827: DEBUG: Send_vote_update called...
[2025-06-06 08:50:56] [INFO    ] discord - get_player_id_by_name:371: DEBUG: get_player_id_by_name called
[2025-06-06 08:50:56] [INFO    ] discord - process_lynch_vote:718: DEBUG: process_lynch_vote called
[2025-06-06 08:50:56] [INFO    ] discord - get_player_id_by_name:371: DEBUG: get_player_id_by_name called
[2025-06-06 08:50:56] [INFO    ] discord - send_vote_update:827: DEBUG: Send_vote_update called...
[2025-06-06 08:51:41] [INFO    ] discord - generate_status_message:541: DEBUG: generate_status_message called
[2025-06-06 08:51:41] [INFO    ] discord - generate_status_message:542: The current phase is Day - 1
[2025-06-06 08:51:41] [INFO    ] discord - get_time_left_string:501: format_time_remaining has been called with end time = 2025-06-06 20:00:00+00:00
[2025-06-06 08:51:41] [INFO    ] discord - get_time_left_string:518: Build return based on time left ==> 0, 11, 8, 18
[2025-06-06 08:51:42] [INFO    ] discord - status:1702: /Status called and info sent to channel
[2025-06-06 09:14:47] [INFO    ] discord - get_player_id_by_name:371: DEBUG: get_player_id_by_name called
[2025-06-06 09:14:47] [INFO    ] discord - process_lynch_vote:718: DEBUG: process_lynch_vote called
[2025-06-06 09:14:47] [INFO    ] discord - get_player_id_by_name:371: DEBUG: get_player_id_by_name called
[2025-06-06 09:14:47] [INFO    ] discord - send_vote_update:827: DEBUG: Send_vote_update called...
[2025-06-06 09:45:16] [INFO    ] discord - get_player_id_by_name:371: DEBUG: get_player_id_by_name called
[2025-06-06 09:45:16] [INFO    ] discord - process_lynch_vote:718: DEBUG: process_lynch_vote called
[2025-06-06 09:45:16] [INFO    ] discord - get_player_id_by_name:371: DEBUG: get_player_id_by_name called
[2025-06-06 09:45:16] [INFO    ] discord - send_vote_update:827: DEBUG: Send_vote_update called...
[2025-06-06 09:46:24] [INFO    ] discord - generate_status_message:541: DEBUG: generate_status_message called
[2025-06-06 09:46:24] [INFO    ] discord - generate_status_message:542: The current phase is Day - 1
[2025-06-06 09:46:24] [INFO    ] discord - get_time_left_string:501: format_time_remaining has been called with end time = 2025-06-06 20:00:00+00:00
[2025-06-06 09:46:24] [INFO    ] discord - get_time_left_string:518: Build return based on time left ==> 0, 10, 13, 35
[2025-06-06 09:46:25] [INFO    ] discord - status:1702: /Status called and info sent to channel
[2025-06-06 10:20:18] [INFO    ] discord.gateway - received_message:567: Shard ID None has successfully RESUMED session 6f404065ad1fc1ea763b4c49c97a7937.
[2025-06-06 10:32:28] [INFO    ] discord - get_player_id_by_name:371: DEBUG: get_player_id_by_name called
[2025-06-06 10:32:28] [INFO    ] discord - process_lynch_vote:718: DEBUG: process_lynch_vote called
[2025-06-06 10:32:28] [INFO    ] discord - get_player_id_by_name:371: DEBUG: get_player_id_by_name called
[2025-06-06 10:32:29] [INFO    ] discord - send_vote_update:827: DEBUG: Send_vote_update called...
[2025-06-06 12:54:15] [INFO    ] discord.gateway - received_message:567: Shard ID None has successfully RESUMED session 6f404065ad1fc1ea763b4c49c97a7937.
[2025-06-06 15:06:48] [INFO    ] discord.gateway - received_message:567: Shard ID None has successfully RESUMED session 6f404065ad1fc1ea763b4c49c97a7937.
[2025-06-06 15:38:03] [INFO    ] discord - generate_status_message:541: DEBUG: generate_status_message called
[2025-06-06 15:38:03] [INFO    ] discord - generate_status_message:542: The current phase is Day - 1
[2025-06-06 15:38:03] [INFO    ] discord - get_time_left_string:501: format_time_remaining has been called with end time = 2025-06-06 20:00:00+00:00
[2025-06-06 15:38:03] [INFO    ] discord - get_time_left_string:518: Build return based on time left ==> 0, 4, 21, 56
[2025-06-06 15:38:03] [INFO    ] discord - status:1702: /Status called and info sent to channel
[2025-06-06 18:35:26] [INFO    ] discord.gateway - received_message:567: Shard ID None has successfully RESUMED session 6f404065ad1fc1ea763b4c49c97a7937.
[2025-06-06 18:42:06] [INFO    ] discord.gateway - received_message:567: Shard ID None has successfully RESUMED session 6f404065ad1fc1ea763b4c49c97a7937.
[2025-06-06 19:08:19] [INFO    ] discord - get_player_id_by_name:371: DEBUG: get_player_id_by_name called
[2025-06-06 19:08:19] [INFO    ] discord - process_lynch_vote:718: DEBUG: process_lynch_vote called
[2025-06-06 19:08:19] [INFO    ] discord - get_player_id_by_name:371: DEBUG: get_player_id_by_name called
[2025-06-06 19:08:20] [INFO    ] discord - send_vote_update:827: DEBUG: Send_vote_update called...
[2025-06-06 19:09:53] [INFO    ] discord - get_player_id_by_name:371: DEBUG: get_player_id_by_name called
[2025-06-06 19:09:53] [INFO    ] discord - process_lynch_vote:718: DEBUG: process_lynch_vote called
[2025-06-06 19:09:53] [INFO    ] discord - get_player_id_by_name:371: DEBUG: get_player_id_by_name called
[2025-06-06 19:09:54] [INFO    ] discord - send_vote_update:827: DEBUG: Send_vote_update called...
[2025-06-06 20:02:43] [INFO    ] discord - kill_inactive_player:1481: Checking for inactive voters...
[2025-06-06 20:02:43] [INFO    ] discord - kill_inactive_player:1521: No inactive voters found.
[2025-06-06 20:02:53] [INFO    ] discord - gameprocess:2335: DEBUG: Counting votes...
[2025-06-06 20:02:53] [INFO    ] discord - countlynchvotes:764: Debug: Lynched Players => [479362336264683520]
[2025-06-06 20:02:53] [INFO    ] discord - countlynchvotes:764: Debug: Lynched Players => [479362336264683520]
[2025-06-06 20:02:53] [INFO    ] discord - save_json_data:183: DEBUG: Data saved to stats/alpha_testing/20250605-200000/20250605-200000_Lynch_Data.json
[2025-06-06 20:03:04] [INFO    ] discord - update_player_discord_roles:283: INFO: Living = 1333019862754263053, dead = 1333019862754263052, spectator = 1333019862754263051
[2025-06-06 20:03:14] [INFO    ] discord - gameprocess:2345: DEBUG: Checking win conditions
[2025-06-06 20:03:14] [INFO    ] discord - check_win_conditions:918: The game was Won by the Town as they were the only people left
[2025-06-06 20:03:14] [INFO    ] discord - gameprocess:2348: We have a winner!
[2025-06-06 20:03:14] [INFO    ] discord - announce_winner:1013: Winning team = Town
[2025-06-06 20:03:48] [INFO    ] discord - save_json_data:183: DEBUG: Data saved to stats/alpha_testing/20250605-200000/20250605-200000_Game_Data.json
[2025-06-06 20:03:48] [INFO    ] discord - save_json_data:183: DEBUG: Data saved to stats/alpha_testing/20250605-200000/game_20250605-200000.json
[2025-06-06 20:03:48] [INFO    ] discord - generate_status_message:541: DEBUG: generate_status_message called
[2025-06-06 20:03:48] [INFO    ] discord - generate_status_message:542: The current phase is Day - 1
[2025-06-06 20:03:48] [INFO    ] discord - get_time_left_string:501: format_time_remaining has been called with end time = 2025-06-06 20:00:00+00:00
[2025-06-06 20:03:48] [INFO    ] discord - get_time_left_string:511: Time's up!
[2025-06-06 20:03:49] [INFO    ] discord - reset_game:630: DEBUG: reset_game() called
[2025-06-06 20:03:49] [INFO    ] discord - prepare_game_start:714: DEBUG: prepare_game_start finished
[2025-06-06 20:20:36] [INFO    ] discord.gateway - received_message:567: Shard ID None has successfully RESUMED session 6f404065ad1fc1ea763b4c49c97a7937.
[2025-06-06 20:35:34] [ERROR   ] discord - join_game:1606: No game is currently running.
[2025-06-06 23:01:22] [INFO    ] discord.gateway - received_message:567: Shard ID None has successfully RESUMED session 6f404065ad1fc1ea763b4c49c97a7937.
[2025-06-07 00:52:27] [ERROR   ] discord.ext.commands.bot - on_command_error:355: Ignoring exception in command None
discord.ext.commands.errors.CommandNotFound: Command "you-fool" is not found
[2025-06-07 00:53:12] [ERROR   ] discord - heal_command:1838: No game is currently running.
[2025-06-07 02:06:29] [INFO    ] discord.gateway - received_message:567: Shard ID None has successfully RESUMED session 6f404065ad1fc1ea763b4c49c97a7937.
